TN:
SF:D:\Github\ecommerce-microservices-sample\src\BuildingBlocks\BuildingBlocks.Abstractions\CQRS\FilterModel.cs
FN:3,get_FieldName()
FNDA:0,get_FieldName()
FNF:1
FNH:0
BRF:0
BRH:0
DA:3,0
LH:0
LF:1
end_of_record
SF:D:\Github\ecommerce-microservices-sample\src\BuildingBlocks\BuildingBlocks.Abstractions\Domain\AggregateId.cs
FN:27,CreateAggregateId(System.Int64)
FN:29,op_Implicit(BuildingBlocks.Abstractions.Domain.AggregateId)
FN:22,.ctor(System.Int64)
FNDA:0,CreateAggregateId(System.Int64)
FNDA:0,op_Implicit(BuildingBlocks.Abstractions.Domain.AggregateId)
FNDA:0,.ctor(System.Int64)
FNF:3
FNH:0
BRF:0
BRH:0
DA:22,0
DA:23,0
DA:24,0
DA:27,0
DA:29,0
LH:0
LF:5
end_of_record
SF:D:\Github\ecommerce-microservices-sample\src\BuildingBlocks\BuildingBlocks.Abstractions\Domain\AggregateId.cs
FN:13,op_Implicit(BuildingBlocks.Abstractions.Domain.AggregateId`1<T>)
FN:16,CreateAggregateId(T)
FN:8,.ctor(T)
FNDA:0,op_Implicit(BuildingBlocks.Abstractions.Domain.AggregateId`1<T>)
FNDA:0,CreateAggregateId(T)
FNDA:0,.ctor(T)
FNF:3
FNH:0
BRF:0
BRH:0
DA:8,0
DA:9,0
DA:10,0
DA:11,0
DA:13,0
DA:16,0
LH:0
LF:6
end_of_record
SF:D:\Github\ecommerce-microservices-sample\src\BuildingBlocks\BuildingBlocks.Abstractions\Domain\EntityId.cs
FN:13,op_Implicit(BuildingBlocks.Abstractions.Domain.EntityId)
FN:14,CreateEntityId(System.Int64)
FNDA:0,op_Implicit(BuildingBlocks.Abstractions.Domain.EntityId)
FNDA:0,CreateEntityId(System.Int64)
FNF:2
FNH:0
BRF:0
BRH:0
DA:13,0
DA:14,0
LH:0
LF:2
end_of_record
SF:D:\Github\ecommerce-microservices-sample\src\BuildingBlocks\BuildingBlocks.Abstractions\Domain\EntityId.cs
FN:7,op_Implicit(BuildingBlocks.Abstractions.Domain.EntityId`1<T>)
FN:8,CreateEntityId(T)
FNDA:0,op_Implicit(BuildingBlocks.Abstractions.Domain.EntityId`1<T>)
FNDA:0,CreateEntityId(T)
FNF:2
FNH:0
BRF:0
BRH:0
DA:7,0
DA:8,0
LH:0
LF:2
end_of_record
SF:D:\Github\ecommerce-microservices-sample\src\BuildingBlocks\BuildingBlocks.Abstractions\Domain\Identity.cs
FN:5,get_Value()
FN:8,op_Implicit(BuildingBlocks.Abstractions.Domain.Identity`1<TId>)
FN:11,ToString()
FN:16,IdAsString()
FNDA:0,get_Value()
FNDA:0,op_Implicit(BuildingBlocks.Abstractions.Domain.Identity`1<TId>)
FNDA:0,ToString()
FNDA:0,IdAsString()
FNF:4
FNH:0
BRF:0
BRH:0
DA:5,0
DA:8,0
DA:11,0
DA:12,0
DA:13,0
DA:16,0
DA:17,0
DA:18,0
LH:0
LF:8
end_of_record
SF:D:\Github\ecommerce-microservices-sample\src\BuildingBlocks\BuildingBlocks.Abstractions\Domain\IHaveIdentity.cs
FN:6,BuildingBlocks.Abstractions.Domain.IHaveIdentity.get_Id()
FNDA:0,BuildingBlocks.Abstractions.Domain.IHaveIdentity.get_Id()
FNF:1
FNH:0
BRF:0
BRH:0
DA:6,0
LH:0
LF:1
end_of_record
SF:D:\Github\ecommerce-microservices-sample\src\BuildingBlocks\BuildingBlocks.Abstractions\Messaging\ContextItems.cs
FN:8,AddItem(System.String,System.Object)
FN:14,TryGetItem(System.String)
FN:5,.ctor()
FNDA:0,AddItem(System.String,System.Object)
FNDA:0,TryGetItem(System.String)
FNDA:0,.ctor()
FNF:3
FNH:0
BRDA:15,15,0,-
BRDA:15,15,1,-
BRDA:17,17,2,-
BRDA:17,17,3,-
BRF:4
BRH:0
DA:5,0
DA:8,0
DA:9,0
DA:10,0
DA:11,0
DA:14,0
DA:15,0
DA:16,0
DA:17,0
DA:20,0
DA:21,0
LH:0
LF:11
end_of_record
SF:D:\Github\ecommerce-microservices-sample\src\BuildingBlocks\BuildingBlocks.Abstractions\Messaging\MessageEnvelope.cs
FN:12,get_Message()
FN:13,get_Headers()
FN:6,.ctor(System.Object,System.Collections.Generic.IDictionary`2<System.String,System.Object>)
FNDA:0,get_Message()
FNDA:0,get_Headers()
FNDA:0,.ctor(System.Object,System.Collections.Generic.IDictionary`2<System.String,System.Object>)
FNF:3
FNH:0
BRDA:9,9,4,-
BRDA:9,9,5,-
BRF:2
BRH:0
DA:6,0
DA:7,0
DA:8,0
DA:9,0
DA:10,0
DA:12,0
DA:13,0
LH:0
LF:7
end_of_record
SF:D:\Github\ecommerce-microservices-sample\src\BuildingBlocks\BuildingBlocks.Abstractions\Messaging\MessageEnvelope.cs
FN:24,get_Message()
FN:19,.ctor(TMessage,System.Collections.Generic.IDictionary`2<System.String,System.Object>)
FNDA:0,get_Message()
FNDA:0,.ctor(TMessage,System.Collections.Generic.IDictionary`2<System.String,System.Object>)
FNF:2
FNH:0
BRF:0
BRH:0
DA:19,0
DA:20,0
DA:21,0
DA:22,0
DA:24,0
LH:0
LF:5
end_of_record
SF:D:\Github\ecommerce-microservices-sample\src\BuildingBlocks\BuildingBlocks.Abstractions\Messaging\Acknowledgement.cs
FN:19,get_Requeue()
FN:20,get_Exception()
FN:13,.ctor(System.Exception,System.Boolean)
FNDA:0,get_Requeue()
FNDA:0,get_Exception()
FNDA:0,.ctor(System.Exception,System.Boolean)
FNF:3
FNH:0
BRF:0
BRH:0
DA:13,0
DA:14,0
DA:15,0
DA:16,0
DA:17,0
DA:19,0
DA:20,0
LH:0
LF:7
end_of_record
SF:D:\Github\ecommerce-microservices-sample\src\BuildingBlocks\BuildingBlocks.Abstractions\Messaging\PersistMessage\StoreMessage.cs
FN:16,get_Id()
FN:17,get_DataType()
FN:18,get_Data()
FN:19,get_Created()
FN:20,get_RetryCount()
FN:21,get_MessageStatus()
FN:22,get_DeliveryType()
FN:25,ChangeState(BuildingBlocks.Abstractions.Messaging.PersistMessage.MessageStatus)
FN:30,IncreaseRetry()
FN:5,.ctor(System.Guid,System.String,System.String,BuildingBlocks.Abstractions.Messaging.PersistMessage.MessageDeliveryType)
FNDA:0,get_Id()
FNDA:0,get_DataType()
FNDA:0,get_Data()
FNDA:0,get_Created()
FNDA:0,get_RetryCount()
FNDA:0,get_MessageStatus()
FNDA:0,get_DeliveryType()
FNDA:0,ChangeState(BuildingBlocks.Abstractions.Messaging.PersistMessage.MessageStatus)
FNDA:0,IncreaseRetry()
FNDA:0,.ctor(System.Guid,System.String,System.String,BuildingBlocks.Abstractions.Messaging.PersistMessage.MessageDeliveryType)
FNF:10
FNH:0
BRF:0
BRH:0
DA:5,0
DA:6,0
DA:7,0
DA:8,0
DA:9,0
DA:10,0
DA:11,0
DA:12,0
DA:13,0
DA:14,0
DA:16,0
DA:17,0
DA:18,0
DA:19,0
DA:20,0
DA:21,0
DA:22,0
DA:25,0
DA:26,0
DA:27,0
DA:30,0
DA:31,0
DA:32,0
LH:0
LF:23
end_of_record
SF:D:\Github\ecommerce-microservices-sample\src\BuildingBlocks\BuildingBlocks.Abstractions\Messaging\Acknowledgement.cs
FN:25,get_Requeue()
FN:27,.ctor(System.Boolean)
FNDA:0,get_Requeue()
FNDA:0,.ctor(System.Boolean)
FNF:2
FNH:0
BRF:0
BRH:0
DA:25,0
DA:27,0
DA:28,0
DA:29,0
DA:30,0
LH:0
LF:5
end_of_record
SF:D:\Github\ecommerce-microservices-sample\src\BuildingBlocks\BuildingBlocks.Abstractions\Persistence\EventStore\AppendResult.cs
FN:3,get_GlobalPosition()
FN:4,.ctor(System.Int64,System.Int64)
FNDA:0,get_GlobalPosition()
FNDA:0,.ctor(System.Int64,System.Int64)
FNF:2
FNH:0
BRF:0
BRH:0
DA:3,0
DA:4,0
DA:5,0
DA:6,0
LH:0
LF:4
end_of_record
SF:D:\Github\ecommerce-microservices-sample\src\BuildingBlocks\BuildingBlocks.Abstractions\Persistence\EventStore\ExpectedStreamVersion.cs
FN:3,get_Value()
FN:4,.ctor(System.Int64)
FNDA:0,get_Value()
FNDA:0,.ctor(System.Int64)
FNF:2
FNH:0
BRF:0
BRH:0
DA:3,0
DA:4,0
DA:5,0
DA:6,0
DA:7,0
LH:0
LF:5
end_of_record
SF:D:\Github\ecommerce-microservices-sample\src\BuildingBlocks\BuildingBlocks.Abstractions\Persistence\EventStore\ExpectedStreamVersion.cs
FN:9,get_Value()
FN:10,.ctor(System.Int64)
FNDA:0,get_Value()
FNDA:0,.ctor(System.Int64)
FNF:2
FNH:0
BRF:0
BRH:0
DA:9,0
DA:10,0
DA:11,0
DA:12,0
LH:0
LF:4
end_of_record
SF:D:\Github\ecommerce-microservices-sample\src\BuildingBlocks\BuildingBlocks.Abstractions\Persistence\EventStore\ExpectedStreamVersion.cs
FN:14,get_Value()
FNDA:0,get_Value()
FNF:1
FNH:0
BRF:0
BRH:0
DA:14,0
LH:0
LF:1
end_of_record
SF:D:\Github\ecommerce-microservices-sample\src\BuildingBlocks\BuildingBlocks.Abstractions\Scheduler\ScheduleSerializedObject.cs
FN:17,get_FullTypeName()
FN:18,get_Data()
FN:19,get_AdditionalDescription()
FN:20,get_AssemblyName()
FN:23,ToString()
FN:5,.ctor(System.String,System.String,System.String,System.String)
FNDA:0,get_FullTypeName()
FNDA:0,get_Data()
FNDA:0,get_AdditionalDescription()
FNDA:0,get_AssemblyName()
FNDA:0,ToString()
FNDA:0,.ctor(System.String,System.String,System.String,System.String)
FNF:6
FNH:0
BRF:0
BRH:0
DA:5,0
DA:6,0
DA:7,0
DA:8,0
DA:9,0
DA:10,0
DA:11,0
DA:12,0
DA:13,0
DA:14,0
DA:15,0
DA:17,0
DA:18,0
DA:19,0
DA:20,0
DA:23,0
DA:24,0
DA:25,0
DA:26,0
LH:0
LF:19
end_of_record
SF:D:\Github\ecommerce-microservices-sample\src\BuildingBlocks\BuildingBlocks.Caching\Behaviours\CachingBehavior.cs
FN:19,.ctor(Microsoft.Extensions.Logging.ILogger`1<BuildingBlocks.Caching.Behaviours.CachingBehavior`2<TRequest,TResponse>>,EasyCaching.Core.IEasyCachingProviderFactory,Microsoft.Extensions.Options.IOptions`1<BuildingBlocks.Caching.CacheOptions>,System.Collections.Generic.IEnumerable`1<BuildingBlocks.Abstractions.Caching.ICacheRequest`2<TRequest,TResponse>>)
FN:37,Handle()
FNDA:0,.ctor(Microsoft.Extensions.Logging.ILogger`1<BuildingBlocks.Caching.Behaviours.CachingBehavior`2<TRequest,TResponse>>,EasyCaching.Core.IEasyCachingProviderFactory,Microsoft.Extensions.Options.IOptions`1<BuildingBlocks.Caching.CacheOptions>,System.Collections.Generic.IEnumerable`1<BuildingBlocks.Abstractions.Caching.ICacheRequest`2<TRequest,TResponse>>)
FNDA:0,Handle()
FNF:2
FNH:0
BRDA:39,39,6,-
BRDA:39,39,7,-
BRDA:48,48,8,-
BRDA:48,48,9,-
BRF:4
BRH:0
DA:19,0
DA:20,0
DA:21,0
DA:22,0
DA:23,0
DA:24,0
DA:25,0
DA:26,0
DA:27,0
DA:30,0
DA:31,0
DA:37,0
DA:38,0
DA:39,0
DA:40,0
DA:42,0
DA:45,0
DA:46,0
DA:48,0
DA:49,0
DA:50,0
DA:51,0
DA:52,0
DA:53,0
DA:54,0
DA:57,0
DA:59,0
DA:60,0
DA:61,0
DA:62,0
DA:63,0
DA:65,0
DA:66,0
DA:67,0
DA:68,0
DA:70,0
DA:71,0
LH:0
LF:37
end_of_record
SF:D:\Github\ecommerce-microservices-sample\src\BuildingBlocks\BuildingBlocks.Caching\Behaviours\InvalidateCachingBehavior.cs
FN:19,.ctor(Microsoft.Extensions.Logging.ILogger`1<BuildingBlocks.Caching.Behaviours.InvalidateCachingBehavior`2<TRequest,TResponse>>,EasyCaching.Core.IEasyCachingProviderFactory,Microsoft.Extensions.Options.IOptions`1<BuildingBlocks.Caching.CacheOptions>,System.Collections.Generic.IEnumerable`1<BuildingBlocks.Abstractions.Caching.IInvalidateCacheRequest`2<TRequest,TResponse>>)
FN:37,Handle()
FNDA:0,.ctor(Microsoft.Extensions.Logging.ILogger`1<BuildingBlocks.Caching.Behaviours.InvalidateCachingBehavior`2<TRequest,TResponse>>,EasyCaching.Core.IEasyCachingProviderFactory,Microsoft.Extensions.Options.IOptions`1<BuildingBlocks.Caching.CacheOptions>,System.Collections.Generic.IEnumerable`1<BuildingBlocks.Abstractions.Caching.IInvalidateCacheRequest`2<TRequest,TResponse>>)
FNDA:0,Handle()
FNF:2
FNH:0
BRDA:39,39,10,-
BRDA:39,39,11,-
BRDA:48,48,12,-
BRDA:48,48,13,-
BRF:4
BRH:0
DA:19,0
DA:20,0
DA:21,0
DA:22,0
DA:23,0
DA:24,0
DA:25,0
DA:26,0
DA:27,0
DA:30,0
DA:31,0
DA:37,0
DA:38,0
DA:39,0
DA:40,0
DA:42,0
DA:45,0
DA:46,0
DA:48,0
DA:49,0
DA:50,0
DA:51,0
DA:52,0
DA:54,0
DA:55,0
LH:0
LF:25
end_of_record
SF:D:\Github\ecommerce-microservices-sample\src\BuildingBlocks\BuildingBlocks.Caching\Behaviours\CachingBehavior.cs
FN:100,Handle(TRequest,MediatR.StreamHandlerDelegate`1<TResponse>,System.Threading.CancellationToken)
FN:82,.ctor(Microsoft.Extensions.Logging.ILogger`1<BuildingBlocks.Caching.Behaviours.StreamCachingBehavior`2<TRequest,TResponse>>,EasyCaching.Core.IEasyCachingProviderFactory,Microsoft.Extensions.Options.IOptions`1<BuildingBlocks.Caching.CacheOptions>,System.Collections.Generic.IEnumerable`1<BuildingBlocks.Abstractions.Caching.ICacheRequest`2<TRequest,TResponse>>)
FNDA:0,Handle(TRequest,MediatR.StreamHandlerDelegate`1<TResponse>,System.Threading.CancellationToken)
FNDA:0,.ctor(Microsoft.Extensions.Logging.ILogger`1<BuildingBlocks.Caching.Behaviours.StreamCachingBehavior`2<TRequest,TResponse>>,EasyCaching.Core.IEasyCachingProviderFactory,Microsoft.Extensions.Options.IOptions`1<BuildingBlocks.Caching.CacheOptions>,System.Collections.Generic.IEnumerable`1<BuildingBlocks.Abstractions.Caching.ICacheRequest`2<TRequest,TResponse>>)
FNF:2
FNH:0
BRDA:102,102,14,-
BRDA:102,102,15,-
BRDA:110,110,16,-
BRDA:110,110,17,-
BRF:4
BRH:0
DA:82,0
DA:83,0
DA:84,0
DA:85,0
DA:86,0
DA:87,0
DA:88,0
DA:89,0
DA:90,0
DA:93,0
DA:94,0
DA:100,0
DA:101,0
DA:102,0
DA:103,0
DA:104,0
DA:107,0
DA:108,0
DA:110,0
DA:111,0
DA:112,0
DA:113,0
DA:114,0
DA:115,0
DA:116,0
DA:119,0
DA:121,0
DA:122,0
DA:123,0
DA:124,0
DA:125,0
DA:127,0
DA:128,0
DA:129,0
DA:130,0
DA:132,0
DA:133,0
LH:0
LF:37
end_of_record
SF:D:\Github\ecommerce-microservices-sample\src\BuildingBlocks\BuildingBlocks.Caching\CacheKey.cs
FN:9,With(System.String[])
FN:14,With(System.Type,System.String[])
FNDA:0,With(System.String[])
FNDA:0,With(System.Type,System.String[])
FNF:2
FNH:0
BRF:0
BRH:0
DA:9,0
DA:10,0
DA:11,0
DA:14,0
DA:15,0
DA:16,0
LH:0
LF:6
end_of_record
SF:D:\Github\ecommerce-microservices-sample\src\BuildingBlocks\BuildingBlocks.Caching\CacheOptions.cs
FN:7,get_DefaultCacheType()
FN:8,get_ExpirationTime()
FN:9,get_SerializationType()
FN:10,get_RedisCacheOptions()
FN:11,get_InMemoryOptions()
FN:12,get_DefaultCachePrefix()
FNDA:0,get_DefaultCacheType()
FNDA:0,get_ExpirationTime()
FNDA:0,get_SerializationType()
FNDA:0,get_RedisCacheOptions()
FNDA:0,get_InMemoryOptions()
FNDA:0,get_DefaultCachePrefix()
FNF:6
FNH:0
BRF:0
BRH:0
DA:7,0
DA:8,0
DA:9,0
DA:10,0
DA:11,0
DA:12,0
LH:0
LF:6
end_of_record
SF:D:\Github\ecommerce-microservices-sample\src\BuildingBlocks\BuildingBlocks.Caching\CacheRequest.cs
FN:9,get_AbsoluteExpirationRelativeToNow()
FN:13,get_Prefix()
FN:14,CacheKey(TRequest)
FNDA:0,get_AbsoluteExpirationRelativeToNow()
FNDA:0,get_Prefix()
FNDA:0,CacheKey(TRequest)
FNF:3
FNH:0
BRF:0
BRH:0
DA:9,0
DA:13,0
DA:14,0
LH:0
LF:3
end_of_record
SF:D:\Github\ecommerce-microservices-sample\src\BuildingBlocks\BuildingBlocks.Caching\Extensions.cs
FN:15,AddCustomCaching(Microsoft.AspNetCore.Builder.WebApplicationBuilder,System.Reflection.Assembly[])
FN:67,AddCachingRequests(Microsoft.Extensions.DependencyInjection.IServiceCollection,System.Reflection.Assembly[])
FNDA:0,AddCustomCaching(Microsoft.AspNetCore.Builder.WebApplicationBuilder,System.Reflection.Assembly[])
FNDA:0,AddCachingRequests(Microsoft.Extensions.DependencyInjection.IServiceCollection,System.Reflection.Assembly[])
FNF:2
FNH:0
BRDA:20,20,18,-
BRDA:20,20,19,-
BRDA:26,26,20,-
BRDA:26,26,21,-
BRDA:28,28,22,-
BRDA:28,28,23,-
BRDA:38,38,24,-
BRDA:38,38,25,-
BRDA:45,45,26,-
BRDA:45,45,27,-
BRDA:55,55,28,-
BRDA:55,55,29,-
BRDA:69,69,30,-
BRDA:69,69,31,-
BRDA:78,78,32,-
BRDA:78,78,33,-
BRF:16
BRH:0
DA:15,0
DA:17,0
DA:18,0
DA:20,0
DA:22,0
DA:24,0
DA:25,0
DA:26,0
DA:27,0
DA:28,0
DA:29,0
DA:30,0
DA:31,0
DA:32,0
DA:33,0
DA:34,0
DA:35,0
DA:36,0
DA:37,0
DA:38,0
DA:39,0
DA:40,0
DA:41,0
DA:42,0
DA:43,0
DA:44,0
DA:45,0
DA:46,0
DA:47,0
DA:48,0
DA:49,0
DA:50,0
DA:51,0
DA:52,0
DA:53,0
DA:54,0
DA:55,0
DA:56,0
DA:57,0
DA:58,0
DA:59,0
DA:61,0
DA:62,0
DA:67,0
DA:69,0
DA:70,0
DA:71,0
DA:72,0
DA:73,0
DA:74,0
DA:75,0
DA:78,0
DA:79,0
DA:80,0
DA:81,0
DA:82,0
DA:83,0
DA:84,0
DA:86,0
DA:87,0
LH:0
LF:60
end_of_record
SF:D:\Github\ecommerce-microservices-sample\src\BuildingBlocks\BuildingBlocks.Caching\InvalidateCacheRequest.cs
FN:16,get_Prefix()
FNDA:0,get_Prefix()
FNF:1
FNH:0
BRF:0
BRH:0
DA:16,0
LH:0
LF:1
end_of_record
SF:D:\Github\ecommerce-microservices-sample\src\BuildingBlocks\BuildingBlocks.Caching\InvalidateCacheRequest.cs
FN:9,get_Prefix()
FNDA:0,get_Prefix()
FNF:1
FNH:0
BRF:0
BRH:0
DA:9,0
LH:0
LF:1
end_of_record
SF:D:\Github\ecommerce-microservices-sample\src\BuildingBlocks\BuildingBlocks.Caching\CacheOptions.cs
FN:17,get_ConnectionString()
FNDA:0,get_ConnectionString()
FNF:1
FNH:0
BRF:0
BRH:0
DA:17,0
LH:0
LF:1
end_of_record
SF:D:\Github\ecommerce-microservices-sample\src\BuildingBlocks\BuildingBlocks.Caching\StreamCacheRequest.cs
FN:9,get_AbsoluteExpirationRelativeToNow()
FN:13,get_Prefix()
FN:14,CacheKey(TRequest)
FNDA:0,get_AbsoluteExpirationRelativeToNow()
FNDA:0,get_Prefix()
FNDA:0,CacheKey(TRequest)
FNF:3
FNH:0
BRF:0
BRH:0
DA:9,0
DA:13,0
DA:14,0
LH:0
LF:3
end_of_record
SF:D:\Github\ecommerce-microservices-sample\src\BuildingBlocks\BuildingBlocks.Core\CQRS\Commands\CommandHandler.cs
FN:12,Handle(TCommand,System.Threading.CancellationToken)
FNDA:0,Handle(TCommand,System.Threading.CancellationToken)
FNF:1
FNH:0
BRF:0
BRH:0
DA:12,0
DA:13,0
DA:14,0
LH:0
LF:3
end_of_record
SF:D:\Github\ecommerce-microservices-sample\src\BuildingBlocks\BuildingBlocks.Core\CQRS\Commands\CommandHandler.cs
FN:26,Handle(TCommand,System.Threading.CancellationToken)
FNDA:0,Handle(TCommand,System.Threading.CancellationToken)
FNF:1
FNH:0
BRF:0
BRH:0
DA:26,0
DA:27,0
DA:28,0
LH:0
LF:3
end_of_record
SF:D:\Github\ecommerce-microservices-sample\src\BuildingBlocks\BuildingBlocks.Core\CQRS\Commands\CommandProcessor.cs
FN:22,SendAsync(BuildingBlocks.Abstractions.CQRS.Commands.ICommand`1<TResult>,System.Threading.CancellationToken)
FN:12,.ctor(MediatR.IMediator,BuildingBlocks.Abstractions.Messaging.PersistMessage.IMessagePersistenceService)
FN:29,ScheduleAsync()
FN:36,ScheduleAsync()
FNDA:0,SendAsync(BuildingBlocks.Abstractions.CQRS.Commands.ICommand`1<TResult>,System.Threading.CancellationToken)
FNDA:0,.ctor(MediatR.IMediator,BuildingBlocks.Abstractions.Messaging.PersistMessage.IMessagePersistenceService)
FNDA:0,ScheduleAsync()
FNDA:0,ScheduleAsync()
FNF:4
FNH:0
BRDA:37,37,34,-
BRDA:37,37,35,-
BRF:2
BRH:0
DA:12,0
DA:13,0
DA:14,0
DA:15,0
DA:16,0
DA:22,0
DA:23,0
DA:24,0
DA:29,0
DA:30,0
DA:31,0
DA:36,0
DA:37,0
DA:38,0
DA:39,0
DA:40,0
DA:41,0
LH:0
LF:17
end_of_record
SF:D:\Github\ecommerce-microservices-sample\src\BuildingBlocks\BuildingBlocks.Core\CQRS\Commands\InternalCommand.cs
FN:8,get_InternalCommandId()
FN:10,get_OccurredOn()
FN:12,get_Type()
FNDA:0,get_InternalCommandId()
FNDA:0,get_OccurredOn()
FNDA:0,get_Type()
FNF:3
FNH:0
BRF:0
BRH:0
DA:8,0
DA:10,0
DA:12,0
LH:0
LF:3
end_of_record
SF:D:\Github\ecommerce-microservices-sample\src\BuildingBlocks\BuildingBlocks.Core\CQRS\Events\AggregateDomainEventsStore.cs
FN:13,AddEventsFromAggregate(T)
FN:22,AddEvents(System.Collections.Generic.IReadOnlyList`1<BuildingBlocks.Abstractions.CQRS.Events.Internal.IDomainEvent>)
FN:30,GetAllUncommittedEvents()
FN:9,.ctor()
FNDA:0,AddEventsFromAggregate(T)
FNDA:0,AddEvents(System.Collections.Generic.IReadOnlyList`1<BuildingBlocks.Abstractions.CQRS.Events.Internal.IDomainEvent>)
FNDA:0,GetAllUncommittedEvents()
FNDA:0,.ctor()
FNF:4
FNH:0
BRDA:23,23,36,-
BRDA:23,23,37,-
BRF:2
BRH:0
DA:9,0
DA:13,0
DA:14,0
DA:16,0
DA:18,0
DA:19,0
DA:22,0
DA:23,0
DA:24,0
DA:25,0
DA:26,0
DA:27,0
DA:30,0
DA:31,0
DA:32,0
LH:0
LF:15
end_of_record
SF:D:\Github\ecommerce-microservices-sample\src\BuildingBlocks\BuildingBlocks.Core\CQRS\Events\DomainEventPublisher.cs
FN:34,PublishAsync(BuildingBlocks.Abstractions.CQRS.Events.Internal.IDomainEvent,System.Threading.CancellationToken)
FN:105,GetNotificationEvents(System.IServiceProvider,System.Collections.Generic.IReadOnlyList`1<BuildingBlocks.Abstractions.CQRS.Events.IEventMapper>,System.Collections.Generic.IReadOnlyList`1<BuildingBlocks.Abstractions.CQRS.Events.Internal.IDomainEvent>)
FN:141,GetIntegrationEvents(System.IServiceProvider,System.Collections.Generic.IReadOnlyList`1<BuildingBlocks.Abstractions.CQRS.Events.IEventMapper>,System.Collections.Generic.IReadOnlyList`1<BuildingBlocks.Abstractions.CQRS.Events.Internal.IDomainEvent>)
FN:18,.ctor(BuildingBlocks.Abstractions.CQRS.Events.IEventProcessor,BuildingBlocks.Abstractions.Messaging.PersistMessage.IMessagePersistenceService,BuildingBlocks.Abstractions.CQRS.Events.Internal.IDomainNotificationEventPublisher,BuildingBlocks.Abstractions.CQRS.Events.IDomainEventsAccessor,System.IServiceProvider)
FN:39,PublishAsync()
FNDA:0,PublishAsync(BuildingBlocks.Abstractions.CQRS.Events.Internal.IDomainEvent,System.Threading.CancellationToken)
FNDA:0,GetNotificationEvents(System.IServiceProvider,System.Collections.Generic.IReadOnlyList`1<BuildingBlocks.Abstractions.CQRS.Events.IEventMapper>,System.Collections.Generic.IReadOnlyList`1<BuildingBlocks.Abstractions.CQRS.Events.Internal.IDomainEvent>)
FNDA:0,GetIntegrationEvents(System.IServiceProvider,System.Collections.Generic.IReadOnlyList`1<BuildingBlocks.Abstractions.CQRS.Events.IEventMapper>,System.Collections.Generic.IReadOnlyList`1<BuildingBlocks.Abstractions.CQRS.Events.Internal.IDomainEvent>)
FNDA:0,.ctor(BuildingBlocks.Abstractions.CQRS.Events.IEventProcessor,BuildingBlocks.Abstractions.Messaging.PersistMessage.IMessagePersistenceService,BuildingBlocks.Abstractions.CQRS.Events.Internal.IDomainNotificationEventPublisher,BuildingBlocks.Abstractions.CQRS.Events.IDomainEventsAccessor,System.IServiceProvider)
FNDA:0,PublishAsync()
FNF:5
FNH:0
BRDA:111,111,38,-
BRDA:111,111,39,-
BRDA:113,113,40,-
BRDA:113,113,41,-
BRDA:115,115,42,-
BRDA:115,115,43,-
BRDA:116,116,44,-
BRDA:116,116,45,-
BRDA:116,116,46,-
BRDA:116,116,47,-
BRDA:122,122,48,-
BRDA:122,122,49,-
BRDA:124,124,50,-
BRDA:124,124,51,-
BRDA:126,126,52,-
BRDA:126,126,53,-
BRDA:127,127,54,-
BRDA:127,127,55,-
BRDA:127,127,56,-
BRDA:127,127,57,-
BRDA:147,147,58,-
BRDA:147,147,59,-
BRDA:149,149,60,-
BRDA:149,149,61,-
BRDA:151,151,62,-
BRDA:151,151,63,-
BRDA:152,152,64,-
BRDA:152,152,65,-
BRDA:152,152,66,-
BRDA:152,152,67,-
BRDA:158,158,68,-
BRDA:158,158,69,-
BRDA:160,160,70,-
BRDA:160,160,71,-
BRDA:162,162,72,-
BRDA:162,162,73,-
BRDA:163,163,74,-
BRDA:163,163,75,-
BRDA:163,163,76,-
BRDA:163,163,77,-
BRDA:42,42,78,-
BRDA:42,42,79,-
BRDA:55,55,80,-
BRDA:55,55,81,-
BRDA:67,67,82,-
BRDA:67,67,83,-
BRDA:79,79,84,-
BRDA:79,79,85,-
BRDA:81,81,86,-
BRDA:81,81,87,-
BRDA:92,92,88,-
BRDA:92,92,89,-
BRDA:94,94,90,-
BRDA:94,94,91,-
BRF:54
BRH:0
DA:18,0
DA:19,0
DA:20,0
DA:21,0
DA:22,0
DA:23,0
DA:24,0
DA:25,0
DA:26,0
DA:27,0
DA:28,0
DA:29,0
DA:30,0
DA:31,0
DA:34,0
DA:35,0
DA:36,0
DA:39,0
DA:40,0
DA:42,0
DA:43,0
DA:53,0
DA:55,0
DA:56,0
DA:57,0
DA:58,0
DA:60,0
DA:63,0
DA:64,0
DA:66,0
DA:67,0
DA:68,0
DA:69,0
DA:70,0
DA:71,0
DA:72,0
DA:74,0
DA:77,0
DA:78,0
DA:79,0
DA:80,0
DA:81,0
DA:82,0
DA:83,0
DA:84,0
DA:85,0
DA:86,0
DA:87,0
DA:89,0
DA:90,0
DA:92,0
DA:93,0
DA:94,0
DA:95,0
DA:96,0
DA:97,0
DA:98,0
DA:99,0
DA:105,0
DA:106,0
DA:107,0
DA:109,0
DA:111,0
DA:112,0
DA:113,0
DA:114,0
DA:115,0
DA:116,0
DA:117,0
DA:118,0
DA:119,0
DA:120,0
DA:121,0
DA:122,0
DA:123,0
DA:124,0
DA:125,0
DA:126,0
DA:127,0
DA:128,0
DA:129,0
DA:130,0
DA:131,0
DA:132,0
DA:134,0
DA:135,0
DA:141,0
DA:142,0
DA:143,0
DA:145,0
DA:147,0
DA:148,0
DA:149,0
DA:150,0
DA:151,0
DA:152,0
DA:153,0
DA:154,0
DA:155,0
DA:156,0
DA:157,0
DA:158,0
DA:159,0
DA:160,0
DA:161,0
DA:162,0
DA:163,0
DA:164,0
DA:165,0
DA:166,0
DA:167,0
DA:168,0
DA:170,0
DA:171,0
LH:0
LF:114
end_of_record
SF:D:\Github\ecommerce-microservices-sample\src\BuildingBlocks\BuildingBlocks.Core\CQRS\Events\DomainNotificationEventPublisher.cs
FN:19,PublishAsync(BuildingBlocks.Abstractions.CQRS.Events.Internal.IDomainNotificationEvent,System.Threading.CancellationToken)
FN:11,.ctor(BuildingBlocks.Abstractions.Messaging.PersistMessage.IMessagePersistenceService)
FN:28,PublishAsync()
FNDA:0,PublishAsync(BuildingBlocks.Abstractions.CQRS.Events.Internal.IDomainNotificationEvent,System.Threading.CancellationToken)
FNDA:0,.ctor(BuildingBlocks.Abstractions.Messaging.PersistMessage.IMessagePersistenceService)
FNDA:0,PublishAsync()
FNF:3
FNH:0
BRDA:31,31,92,-
BRDA:31,31,93,-
BRF:2
BRH:0
DA:11,0
DA:12,0
DA:13,0
DA:14,0
DA:19,0
DA:20,0
DA:22,0
DA:23,0
DA:28,0
DA:29,0
DA:31,0
DA:32,0
DA:33,0
DA:34,0
DA:35,0
LH:0
LF:15
end_of_record
SF:D:\Github\ecommerce-microservices-sample\src\BuildingBlocks\BuildingBlocks.Core\CQRS\Events\Event.cs
FN:8,get_EventId()
FN:10,get_EventVersion()
FN:12,get_OccurredOn()
FN:14,get_TimeStamp()
FN:16,get_EventType()
FNDA:0,get_EventId()
FNDA:0,get_EventVersion()
FNDA:0,get_OccurredOn()
FNDA:0,get_TimeStamp()
FNDA:0,get_EventType()
FNF:5
FNH:0
BRF:0
BRH:0
DA:8,0
DA:10,0
DA:12,0
DA:14,0
DA:16,0
LH:0
LF:5
end_of_record
SF:D:\Github\ecommerce-microservices-sample\src\BuildingBlocks\BuildingBlocks.Core\CQRS\Events\EventHandlerDecorator.cs
FN:10,.ctor(BuildingBlocks.Abstractions.CQRS.Events.IEventHandler`1<TEvent>)
FN:16,Handle()
FNDA:0,.ctor(BuildingBlocks.Abstractions.CQRS.Events.IEventHandler`1<TEvent>)
FNDA:0,Handle()
FNF:2
FNH:0
BRF:0
BRH:0
DA:10,0
DA:11,0
DA:12,0
DA:13,0
DA:16,0
DA:19,0
DA:20,0
LH:0
LF:7
end_of_record
SF:D:\Github\ecommerce-microservices-sample\src\BuildingBlocks\BuildingBlocks.Core\CQRS\Events\EventProcessor.cs
FN:17,.ctor(MediatR.IMediator,System.IServiceProvider,Microsoft.Extensions.Logging.ILogger`1<BuildingBlocks.Core.CQRS.Events.EventProcessor>)
FN:62,DispatchAsync()
FN:105,DispatchAsync()
FN:26,PublishAsync()
FN:53,PublishAsync()
FNDA:0,.ctor(MediatR.IMediator,System.IServiceProvider,Microsoft.Extensions.Logging.ILogger`1<BuildingBlocks.Core.CQRS.Events.EventProcessor>)
FNDA:0,DispatchAsync()
FNDA:0,DispatchAsync()
FNDA:0,PublishAsync()
FNDA:0,PublishAsync()
FNF:5
FNH:0
BRDA:65,65,94,-
BRDA:65,65,95,-
BRDA:77,77,96,-
BRDA:77,77,97,-
BRDA:89,89,98,-
BRDA:89,89,99,-
BRDA:106,106,100,-
BRDA:106,106,101,-
BRDA:31,31,102,-
BRDA:31,31,103,-
BRDA:38,38,104,-
BRDA:38,38,105,-
BRDA:45,45,106,-
BRDA:45,45,107,-
BRDA:54,54,108,-
BRDA:54,54,109,-
BRF:16
BRH:0
DA:17,0
DA:18,0
DA:19,0
DA:20,0
DA:21,0
DA:22,0
DA:26,0
DA:27,0
DA:28,0
DA:29,0
DA:31,0
DA:32,0
DA:33,0
DA:35,0
DA:38,0
DA:39,0
DA:40,0
DA:42,0
DA:45,0
DA:46,0
DA:47,0
DA:48,0
DA:49,0
DA:53,0
DA:54,0
DA:55,0
DA:56,0
DA:57,0
DA:58,0
DA:62,0
DA:63,0
DA:65,0
DA:66,0
DA:67,0
DA:69,0
DA:70,0
DA:71,0
DA:72,0
DA:74,0
DA:77,0
DA:78,0
DA:79,0
DA:81,0
DA:82,0
DA:83,0
DA:84,0
DA:86,0
DA:89,0
DA:90,0
DA:91,0
DA:93,0
DA:94,0
DA:95,0
DA:96,0
DA:97,0
DA:100,0
DA:101,0
DA:105,0
DA:106,0
DA:107,0
DA:108,0
DA:109,0
DA:110,0
LH:0
LF:63
end_of_record
SF:D:\Github\ecommerce-microservices-sample\src\BuildingBlocks\BuildingBlocks.Core\CQRS\Events\EventsExtensions.cs
FN:50,GetHandledDomainEventTypes()
FN:31,GetHandledDomainNotificationEventTypes()
FN:12,GetHandledIntegrationEventTypes()
FN:70,GetWrappedDomainNotificationEvents()
FN:87,GetWrappedIntegrationEvents()
FNDA:0,GetHandledDomainEventTypes()
FNDA:0,GetHandledDomainNotificationEventTypes()
FNDA:0,GetHandledIntegrationEventTypes()
FNDA:0,GetWrappedDomainNotificationEvents()
FNDA:0,GetWrappedIntegrationEvents()
FNF:5
FNH:0
BRDA:17,17,110,-
BRDA:17,17,111,-
BRDA:36,36,112,-
BRDA:36,36,113,-
BRDA:55,55,114,-
BRDA:55,55,115,-
BRDA:58,58,116,-
BRDA:58,58,117,-
BRDA:61,61,118,-
BRDA:61,61,119,-
BRDA:39,39,120,-
BRDA:39,39,121,-
BRDA:42,42,122,-
BRDA:42,42,123,-
BRDA:20,20,124,-
BRDA:20,20,125,-
BRDA:23,23,126,-
BRDA:23,23,127,-
BRDA:71,71,128,-
BRDA:71,71,129,-
BRDA:80,80,130,-
BRDA:80,80,131,-
BRDA:88,88,132,-
BRDA:88,88,133,-
BRDA:97,97,134,-
BRDA:97,97,135,-
BRF:26
BRH:0
DA:12,0
DA:13,0
DA:14,0
DA:16,0
DA:17,0
DA:18,0
DA:20,0
DA:21,0
DA:22,0
DA:23,0
DA:24,0
DA:25,0
DA:26,0
DA:27,0
DA:28,0
DA:31,0
DA:32,0
DA:33,0
DA:35,0
DA:36,0
DA:37,0
DA:39,0
DA:40,0
DA:41,0
DA:42,0
DA:43,0
DA:44,0
DA:45,0
DA:46,0
DA:47,0
DA:50,0
DA:51,0
DA:52,0
DA:54,0
DA:55,0
DA:56,0
DA:58,0
DA:59,0
DA:60,0
DA:61,0
DA:62,0
DA:63,0
DA:64,0
DA:65,0
DA:66,0
DA:70,0
DA:71,0
DA:72,0
DA:73,0
DA:74,0
DA:75,0
DA:77,0
DA:78,0
DA:80,0
DA:81,0
DA:82,0
DA:83,0
DA:87,0
DA:88,0
DA:89,0
DA:90,0
DA:91,0
DA:92,0
DA:94,0
DA:95,0
DA:97,0
DA:98,0
DA:99,0
DA:100,0
LH:0
LF:69
end_of_record
SF:D:\Github\ecommerce-microservices-sample\src\BuildingBlocks\BuildingBlocks.Core\CQRS\Events\Internal\DomainEvent.cs
FN:7,get_AggregateId()
FN:8,get_AggregateSequenceNumber()
FN:11,WithAggregate(System.Object,System.Int64)
FNDA:0,get_AggregateId()
FNDA:0,get_AggregateSequenceNumber()
FNDA:0,WithAggregate(System.Object,System.Int64)
FNF:3
FNH:0
BRF:0
BRH:0
DA:7,0
DA:8,0
DA:11,0
DA:12,0
DA:13,0
DA:15,0
DA:16,0
LH:0
LF:7
end_of_record
SF:D:\Github\ecommerce-microservices-sample\src\BuildingBlocks\BuildingBlocks.Core\CQRS\Events\Internal\DomainEventsInvoker.cs
FN:31,RaiseDomainEventAsync(BuildingBlocks.Abstractions.CQRS.Events.Internal.IDomainEvent,System.Threading.CancellationToken)
FN:39,RaiseDomainEvent(BuildingBlocks.Abstractions.CQRS.Events.Internal.IDomainEvent,System.Threading.CancellationToken)
FN:14,.cctor()
FN:20,RaiseDomainEventAsync()
FNDA:0,RaiseDomainEventAsync(BuildingBlocks.Abstractions.CQRS.Events.Internal.IDomainEvent,System.Threading.CancellationToken)
FNDA:0,RaiseDomainEvent(BuildingBlocks.Abstractions.CQRS.Events.Internal.IDomainEvent,System.Threading.CancellationToken)
FNDA:0,.cctor()
FNDA:0,RaiseDomainEventAsync()
FNF:4
FNH:0
BRDA:22,22,136,-
BRDA:22,22,137,-
BRF:2
BRH:0
DA:14,0
DA:15,0
DA:20,0
DA:21,0
DA:22,0
DA:23,0
DA:24,0
DA:25,0
DA:26,0
DA:31,0
DA:32,0
DA:33,0
DA:34,0
DA:39,0
DA:40,0
DA:41,0
DA:42,0
LH:0
LF:17
end_of_record
SF:D:\Github\ecommerce-microservices-sample\src\BuildingBlocks\BuildingBlocks.Core\CQRS\Events\Internal\DomainNotificationEventWrapper.cs
FN:5,get_DomainEvent()
FN:6,.ctor(TDomainEventType)
FNDA:0,get_DomainEvent()
FNDA:0,.ctor(TDomainEventType)
FNF:2
FNH:0
BRF:0
BRH:0
DA:5,0
DA:6,0
LH:0
LF:2
end_of_record
SF:D:\Github\ecommerce-microservices-sample\src\BuildingBlocks\BuildingBlocks.Core\CQRS\Events\Internal\NotificationEvent.cs
FN:4,get_Data()
FNDA:0,get_Data()
FNF:1
FNH:0
BRF:0
BRH:0
DA:4,0
LH:0
LF:1
end_of_record
SF:D:\Github\ecommerce-microservices-sample\src\BuildingBlocks\BuildingBlocks.Core\CQRS\Events\NullDomainEventsAccessor.cs
FN:8,get_UnCommittedDomainEvents()
FNDA:0,get_UnCommittedDomainEvents()
FNF:1
FNH:0
BRF:0
BRH:0
DA:8,0
LH:0
LF:1
end_of_record
SF:D:\Github\ecommerce-microservices-sample\src\BuildingBlocks\BuildingBlocks.Core\CQRS\MediatRExtensions.cs
FN:13,SendScheduleObject()
FNDA:0,SendScheduleObject()
FNF:1
FNH:0
BRDA:18,18,138,-
BRDA:18,18,139,-
BRDA:23,23,140,-
BRDA:23,23,141,-
BRDA:23,23,142,-
BRDA:23,23,143,-
BRDA:23,23,144,-
BRDA:23,23,145,-
BRDA:23,23,146,-
BRDA:23,23,147,-
BRDA:23,23,148,-
BRDA:23,23,149,-
BRDA:23,23,150,-
BRDA:23,23,151,-
BRDA:23,23,152,-
BRDA:23,23,153,-
BRF:16
BRH:0
DA:13,0
DA:14,0
DA:16,0
DA:18,0
DA:19,0
DA:20,0
DA:23,0
DA:24,0
LH:0
LF:8
end_of_record
SF:D:\Github\ecommerce-microservices-sample\src\BuildingBlocks\BuildingBlocks.Core\CQRS\Queries\ListQuery.cs
FN:9,get_Includes()
FN:10,get_Filters()
FN:11,get_Sorts()
FN:12,get_Page()
FN:13,get_PageSize()
FNDA:0,get_Includes()
FNDA:0,get_Filters()
FNDA:0,get_Sorts()
FNDA:0,get_Page()
FNDA:0,get_PageSize()
FNF:5
FNH:0
BRF:0
BRH:0
DA:9,0
DA:10,0
DA:11,0
DA:12,0
DA:13,0
LH:0
LF:5
end_of_record
SF:D:\Github\ecommerce-microservices-sample\src\BuildingBlocks\BuildingBlocks.Core\CQRS\Queries\ListResultModel.cs
FN:3,get_Items()
FN:6,get_Empty()
FN:9,Create(System.Collections.Generic.List`1<T>,System.Int64,System.Int32,System.Int32)
FN:14,Map(System.Func`2<T,U>)
FN:4,.ctor(System.Collections.Generic.List`1<T>,System.Int64,System.Int32,System.Int32)
FNDA:0,get_Items()
FNDA:0,get_Empty()
FNDA:0,Create(System.Collections.Generic.List`1<T>,System.Int64,System.Int32,System.Int32)
FNDA:0,Map(System.Func`2<T,U>)
FNDA:0,.ctor(System.Collections.Generic.List`1<T>,System.Int64,System.Int32,System.Int32)
FNF:5
FNH:0
BRF:0
BRH:0
DA:3,0
DA:4,0
DA:5,0
DA:6,0
DA:7,0
DA:8,0
DA:9,0
DA:10,0
DA:11,0
DA:12,0
DA:13,0
DA:14,0
DA:15,0
DA:16,0
DA:17,0
DA:18,0
DA:19,0
DA:20,0
DA:21,0
LH:0
LF:19
end_of_record
SF:D:\Github\ecommerce-microservices-sample\src\BuildingBlocks\BuildingBlocks.Core\CQRS\Queries\PageRequest.cs
FN:8,get_Page()
FN:9,get_PageSize()
FN:10,get_Includes()
FN:11,get_Filters()
FN:12,get_Sorts()
FNDA:0,get_Page()
FNDA:0,get_PageSize()
FNDA:0,get_Includes()
FNDA:0,get_Filters()
FNDA:0,get_Sorts()
FNF:5
FNH:0
BRF:0
BRH:0
DA:8,0
DA:9,0
DA:10,0
DA:11,0
DA:12,0
LH:0
LF:5
end_of_record
SF:D:\Github\ecommerce-microservices-sample\src\BuildingBlocks\BuildingBlocks.Core\CQRS\Queries\QueryHandler.cs
FN:12,Handle(TQuery,System.Threading.CancellationToken)
FNDA:0,Handle(TQuery,System.Threading.CancellationToken)
FNF:1
FNH:0
BRF:0
BRH:0
DA:12,0
DA:13,0
DA:14,0
LH:0
LF:3
end_of_record
SF:D:\Github\ecommerce-microservices-sample\src\BuildingBlocks\BuildingBlocks.Core\CQRS\Queries\QueryProcessor.cs
FN:16,SendAsync(BuildingBlocks.Abstractions.CQRS.Queries.IQuery`1<TResponse>,System.Threading.CancellationToken)
FN:23,SendAsync(BuildingBlocks.Abstractions.CQRS.Queries.IStreamQuery`1<TResponse>,System.Threading.CancellationToken)
FN:10,.ctor(MediatR.IMediator)
FNDA:0,SendAsync(BuildingBlocks.Abstractions.CQRS.Queries.IQuery`1<TResponse>,System.Threading.CancellationToken)
FNDA:0,SendAsync(BuildingBlocks.Abstractions.CQRS.Queries.IStreamQuery`1<TResponse>,System.Threading.CancellationToken)
FNDA:0,.ctor(MediatR.IMediator)
FNF:3
FNH:0
BRF:0
BRH:0
DA:10,0
DA:11,0
DA:12,0
DA:13,0
DA:16,0
DA:17,0
DA:18,0
DA:23,0
DA:24,0
DA:25,0
LH:0
LF:10
end_of_record
SF:D:\Github\ecommerce-microservices-sample\src\BuildingBlocks\BuildingBlocks.Core\Domain\Aggregate.cs
FN:19,get_OriginalVersion()
FN:26,AddDomainEvents(BuildingBlocks.Abstractions.CQRS.Events.Internal.IDomainEvent)
FN:34,HasUncommittedDomainEvents()
FN:39,GetUncommittedDomainEvents()
FN:44,DequeueUncommittedDomainEvents()
FN:51,MarkUncommittedDomainEventAsCommitted()
FN:56,CheckRule(BuildingBlocks.Abstractions.Domain.IBusinessRule)
FN:15,.ctor()
FNDA:0,get_OriginalVersion()
FNDA:0,AddDomainEvents(BuildingBlocks.Abstractions.CQRS.Events.Internal.IDomainEvent)
FNDA:0,HasUncommittedDomainEvents()
FNDA:0,GetUncommittedDomainEvents()
FNDA:0,DequeueUncommittedDomainEvents()
FNDA:0,MarkUncommittedDomainEventAsCommitted()
FNDA:0,CheckRule(BuildingBlocks.Abstractions.Domain.IBusinessRule)
FNDA:0,.ctor()
FNF:8
FNH:0
BRDA:27,27,154,-
BRDA:27,27,155,-
BRDA:57,57,156,-
BRDA:57,57,157,-
BRF:4
BRH:0
DA:15,0
DA:19,0
DA:26,0
DA:27,0
DA:28,0
DA:29,0
DA:30,0
DA:31,0
DA:34,0
DA:35,0
DA:36,0
DA:39,0
DA:40,0
DA:41,0
DA:44,0
DA:45,0
DA:46,0
DA:47,0
DA:48,0
DA:51,0
DA:52,0
DA:53,0
DA:56,0
DA:57,0
DA:58,0
DA:59,0
DA:61,0
LH:0
LF:27
end_of_record
SF:D:\Github\ecommerce-microservices-sample\src\BuildingBlocks\BuildingBlocks.Core\Domain\AggregateFactory.cs
FN:10,CreateTypeConstructor()
FN:24,CreateAggregate()
FN:7,.cctor()
FNDA:0,CreateTypeConstructor()
FNDA:0,CreateAggregate()
FNDA:0,.cctor()
FNF:3
FNH:0
BRDA:25,25,158,-
BRDA:25,25,159,-
BRF:2
BRH:0
DA:7,0
DA:10,0
DA:12,0
DA:13,0
DA:14,0
DA:15,0
DA:17,0
DA:18,0
DA:19,0
DA:21,0
DA:24,0
DA:25,0
DA:26,0
DA:27,0
DA:28,0
LH:0
LF:15
end_of_record
SF:D:\Github\ecommerce-microservices-sample\src\BuildingBlocks\BuildingBlocks.Core\Domain\AuditableEntity.cs
FN:7,get_LastModified()
FN:8,get_LastModifiedBy()
FNDA:0,get_LastModified()
FNDA:0,get_LastModifiedBy()
FNF:2
FNH:0
BRF:0
BRH:0
DA:7,0
DA:8,0
LH:0
LF:2
end_of_record
SF:D:\Github\ecommerce-microservices-sample\src\BuildingBlocks\BuildingBlocks.Core\Domain\AuditAggregate.cs
FN:7,get_LastModified()
FN:8,get_LastModifiedBy()
FNDA:0,get_LastModified()
FNDA:0,get_LastModifiedBy()
FNF:2
FNH:0
BRF:0
BRH:0
DA:7,0
DA:8,0
LH:0
LF:2
end_of_record
SF:D:\Github\ecommerce-microservices-sample\src\BuildingBlocks\BuildingBlocks.Core\Domain\Entity.cs
FN:7,get_Id()
FN:8,get_Created()
FN:9,get_CreatedBy()
FNDA:0,get_Id()
FNDA:0,get_Created()
FNDA:0,get_CreatedBy()
FNF:3
FNH:0
BRF:0
BRH:0
DA:7,0
DA:8,0
DA:9,0
LH:0
LF:3
end_of_record
SF:D:\Github\ecommerce-microservices-sample\src\BuildingBlocks\BuildingBlocks.Core\Domain\Enumeration.cs
FN:11,get_Name()
FN:12,get_Id()
FN:14,ToString()
FN:16,GetAll()
FN:23,Equals(System.Object)
FN:35,GetHashCode()
FN:38,AbsoluteDifference(BuildingBlocks.Core.Domain.Enumeration,BuildingBlocks.Core.Domain.Enumeration)
FN:44,FromValue(System.Int32)
FN:50,FromDisplayName(System.String)
FN:56,Parse(K,System.String,System.Func`2<T,System.Boolean>)
FN:65,CompareTo(System.Object)
FN:13,.ctor(System.Int32,System.String)
FNDA:0,get_Name()
FNDA:0,get_Id()
FNDA:0,ToString()
FNDA:0,GetAll()
FNDA:0,Equals(System.Object)
FNDA:0,GetHashCode()
FNDA:0,AbsoluteDifference(BuildingBlocks.Core.Domain.Enumeration,BuildingBlocks.Core.Domain.Enumeration)
FNDA:0,FromValue(System.Int32)
FNDA:0,FromDisplayName(System.String)
FNDA:0,Parse(K,System.String,System.Func`2<T,System.Boolean>)
FNDA:0,CompareTo(System.Object)
FNDA:0,.ctor(System.Int32,System.String)
FNF:12
FNH:0
BRDA:16,16,160,-
BRDA:16,16,161,-
BRDA:24,24,162,-
BRDA:24,24,163,-
BRDA:59,59,164,-
BRDA:59,59,165,-
BRF:6
BRH:0
DA:11,0
DA:12,0
DA:13,0
DA:14,0
DA:16,0
DA:17,0
DA:18,0
DA:19,0
DA:20,0
DA:23,0
DA:24,0
DA:25,0
DA:26,0
DA:29,0
DA:30,0
DA:32,0
DA:33,0
DA:35,0
DA:38,0
DA:39,0
DA:40,0
DA:41,0
DA:44,0
DA:45,0
DA:46,0
DA:47,0
DA:50,0
DA:51,0
DA:52,0
DA:53,0
DA:56,0
DA:57,0
DA:59,0
DA:60,0
DA:62,0
DA:63,0
DA:65,0
LH:0
LF:37
end_of_record
SF:D:\Github\ecommerce-microservices-sample\src\BuildingBlocks\BuildingBlocks.Core\Domain\EnumerationRecord.cs
FN:6,get_Value()
FN:38,ToString()
FN:41,GetAll()
FN:46,AbsoluteDifference(BuildingBlocks.Core.Domain.EnumerationRecord`1<T>,BuildingBlocks.Core.Domain.EnumerationRecord`1<T>)
FN:51,FromValue(System.Int32)
FN:60,FromDisplayName(System.String)
FN:68,CompareTo(T)
FN:7,.ctor(System.Int32,System.String)
FNDA:0,get_Value()
FNDA:0,ToString()
FNDA:0,GetAll()
FNDA:0,AbsoluteDifference(BuildingBlocks.Core.Domain.EnumerationRecord`1<T>,BuildingBlocks.Core.Domain.EnumerationRecord`1<T>)
FNDA:0,FromValue(System.Int32)
FNDA:0,FromDisplayName(System.String)
FNDA:0,CompareTo(T)
FNDA:0,.ctor(System.Int32,System.String)
FNF:8
FNH:0
BRDA:52,52,166,-
BRDA:52,52,167,-
BRDA:61,61,168,-
BRDA:61,61,169,-
BRDA:16,16,170,-
BRDA:16,16,171,-
BRDA:16,16,172,-
BRDA:16,16,173,-
BRDA:16,16,174,-
BRDA:16,16,175,-
BRDA:16,16,176,-
BRDA:16,16,177,-
BRDA:26,26,178,-
BRDA:26,26,179,-
BRDA:28,28,180,-
BRDA:28,28,181,-
BRF:16
BRH:0
DA:6,0
DA:7,0
DA:8,0
DA:9,0
DA:10,0
DA:11,0
DA:12,0
DA:13,0
DA:14,0
DA:15,0
DA:16,0
DA:17,0
DA:18,0
DA:19,0
DA:20,0
DA:21,0
DA:22,0
DA:23,0
DA:24,0
DA:25,0
DA:26,0
DA:27,0
DA:28,0
DA:29,0
DA:30,0
DA:31,0
DA:32,0
DA:33,0
DA:34,0
DA:35,0
DA:36,0
DA:37,0
DA:38,0
DA:39,0
DA:40,0
DA:41,0
DA:42,0
DA:43,0
DA:44,0
DA:45,0
DA:46,0
DA:47,0
DA:48,0
DA:49,0
DA:50,0
DA:51,0
DA:52,0
DA:53,0
DA:54,0
DA:55,0
DA:56,0
DA:57,0
DA:58,0
DA:59,0
DA:60,0
DA:61,0
DA:62,0
DA:63,0
DA:64,0
DA:65,0
DA:66,0
DA:67,0
DA:68,0
DA:69,0
LH:0
LF:64
end_of_record
SF:D:\Github\ecommerce-microservices-sample\src\BuildingBlocks\BuildingBlocks.Core\Domain\EventSourcing\EventSourcedAggregate.cs
FN:19,get_OriginalVersion()
FN:21,get_CurrentVersion()
FN:32,ApplyEvent(TDomainEvent,System.Boolean)
FN:43,When(System.Object)
FN:55,Fold(System.Object)
FN:62,LoadFromHistory(System.Collections.Generic.IEnumerable`1<BuildingBlocks.Abstractions.CQRS.Events.Internal.IDomainEvent>)
FN:71,AddDomainEvents(BuildingBlocks.Abstractions.CQRS.Events.Internal.IDomainEvent)
FN:80,HasUncommittedDomainEvents()
FN:85,GetUncommittedDomainEvents()
FN:90,DequeueUncommittedDomainEvents()
FN:98,MarkUncommittedDomainEventAsCommitted()
FN:105,CheckRule(BuildingBlocks.Abstractions.Domain.IBusinessRule)
FN:14,.ctor()
FNDA:0,get_OriginalVersion()
FNDA:0,get_CurrentVersion()
FNDA:0,ApplyEvent(TDomainEvent,System.Boolean)
FNDA:0,When(System.Object)
FNDA:0,Fold(System.Object)
FNDA:0,LoadFromHistory(System.Collections.Generic.IEnumerable`1<BuildingBlocks.Abstractions.CQRS.Events.Internal.IDomainEvent>)
FNDA:0,AddDomainEvents(BuildingBlocks.Abstractions.CQRS.Events.Internal.IDomainEvent)
FNDA:0,HasUncommittedDomainEvents()
FNDA:0,GetUncommittedDomainEvents()
FNDA:0,DequeueUncommittedDomainEvents()
FNDA:0,MarkUncommittedDomainEventAsCommitted()
FNDA:0,CheckRule(BuildingBlocks.Abstractions.Domain.IBusinessRule)
FNDA:0,.ctor()
FNF:13
FNH:0
BRDA:33,33,182,-
BRDA:33,33,183,-
BRDA:44,44,184,-
BRDA:44,44,185,-
BRDA:72,72,186,-
BRDA:72,72,187,-
BRDA:106,106,188,-
BRDA:106,106,189,-
BRF:8
BRH:0
DA:14,0
DA:19,0
DA:21,0
DA:32,0
DA:33,0
DA:34,0
DA:35,0
DA:36,0
DA:38,0
DA:39,0
DA:40,0
DA:43,0
DA:44,0
DA:45,0
DA:46,0
DA:47,0
DA:49,0
DA:50,0
DA:52,0
DA:55,0
DA:56,0
DA:57,0
DA:58,0
DA:59,0
DA:62,0
DA:63,0
DA:64,0
DA:71,0
DA:72,0
DA:73,0
DA:74,0
DA:75,0
DA:76,0
DA:77,0
DA:80,0
DA:81,0
DA:82,0
DA:85,0
DA:86,0
DA:87,0
DA:90,0
DA:91,0
DA:92,0
DA:94,0
DA:95,0
DA:98,0
DA:99,0
DA:101,0
DA:102,0
DA:105,0
DA:106,0
DA:107,0
DA:108,0
DA:110,0
LH:0
LF:54
end_of_record
SF:D:\Github\ecommerce-microservices-sample\src\BuildingBlocks\BuildingBlocks.Core\Domain\Exceptions\BusinessRuleValidationException.cs
FN:7,get_BrokenRule()
FN:9,get_Details()
FN:19,ToString()
FN:12,.ctor(BuildingBlocks.Abstractions.Domain.IBusinessRule)
FNDA:0,get_BrokenRule()
FNDA:0,get_Details()
FNDA:0,ToString()
FNDA:0,.ctor(BuildingBlocks.Abstractions.Domain.IBusinessRule)
FNF:4
FNH:0
BRF:0
BRH:0
DA:7,0
DA:9,0
DA:12,0
DA:13,0
DA:14,0
DA:15,0
DA:16,0
DA:19,0
DA:20,0
DA:21,0
LH:0
LF:10
end_of_record
SF:D:\Github\ecommerce-microservices-sample\src\BuildingBlocks\BuildingBlocks.Core\Domain\Exceptions\ConcurrencyException.cs
FN:6,.ctor(TId)
FNDA:0,.ctor(TId)
FNF:1
FNH:0
BRF:0
BRH:0
DA:6,0
DA:7,0
DA:8,0
LH:0
LF:3
end_of_record
SF:D:\Github\ecommerce-microservices-sample\src\BuildingBlocks\BuildingBlocks.Core\Domain\Exceptions\DomainException.cs
FN:11,.ctor(System.String,System.Net.HttpStatusCode)
FNDA:0,.ctor(System.String,System.Net.HttpStatusCode)
FNF:1
FNH:0
BRF:0
BRH:0
DA:11,0
DA:12,0
DA:13,0
DA:14,0
LH:0
LF:4
end_of_record
SF:D:\Github\ecommerce-microservices-sample\src\BuildingBlocks\BuildingBlocks.Core\Domain\ValueObject.cs
FN:15,Equals(BuildingBlocks.Core.Domain.ValueObject)
FN:20,Equals(System.Object)
FN:46,GetHashCode()
FN:53,op_Equality(BuildingBlocks.Core.Domain.ValueObject,BuildingBlocks.Core.Domain.ValueObject)
FN:64,op_Inequality(BuildingBlocks.Core.Domain.ValueObject,BuildingBlocks.Core.Domain.ValueObject)
FNDA:0,Equals(BuildingBlocks.Core.Domain.ValueObject)
FNDA:0,Equals(System.Object)
FNDA:0,GetHashCode()
FNDA:0,op_Equality(BuildingBlocks.Core.Domain.ValueObject,BuildingBlocks.Core.Domain.ValueObject)
FNDA:0,op_Inequality(BuildingBlocks.Core.Domain.ValueObject,BuildingBlocks.Core.Domain.ValueObject)
FNF:5
FNH:0
BRDA:21,21,190,-
BRDA:21,21,191,-
BRDA:21,21,192,-
BRDA:21,21,193,-
BRDA:29,29,194,-
BRDA:29,29,195,-
BRDA:29,29,196,-
BRDA:29,29,197,-
BRDA:31,31,198,-
BRDA:31,31,199,-
BRDA:36,36,200,-
BRDA:36,36,201,-
BRDA:36,36,202,-
BRDA:36,36,203,-
BRDA:42,42,204,-
BRDA:42,42,205,-
BRDA:48,48,206,-
BRDA:48,48,207,-
BRDA:54,54,208,-
BRDA:54,54,209,-
BRDA:54,54,210,-
BRDA:54,54,211,-
BRDA:57,57,212,-
BRDA:57,57,213,-
BRDA:57,57,214,-
BRDA:57,57,215,-
BRF:26
BRH:0
DA:15,0
DA:16,0
DA:17,0
DA:20,0
DA:21,0
DA:22,0
DA:23,0
DA:26,0
DA:27,0
DA:28,0
DA:29,0
DA:30,0
DA:31,0
DA:32,0
DA:33,0
DA:36,0
DA:37,0
DA:38,0
DA:40,0
DA:42,0
DA:43,0
DA:46,0
DA:47,0
DA:48,0
DA:49,0
DA:50,0
DA:53,0
DA:54,0
DA:55,0
DA:57,0
DA:58,0
DA:60,0
DA:61,0
DA:64,0
LH:0
LF:34
end_of_record
SF:D:\Github\ecommerce-microservices-sample\src\BuildingBlocks\BuildingBlocks.Core\Domain\ValueObjects\Address.cs
FN:11,get_Country()
FN:12,get_City()
FN:13,get_Detail()
FN:14,get_PostalCode()
FN:16,get_Empty()
FN:19,Of(System.String,System.String,System.String,BuildingBlocks.Core.Domain.ValueObjects.PostalCode)
FN:7,.ctor()
FNDA:0,get_Country()
FNDA:0,get_City()
FNDA:0,get_Detail()
FNDA:0,get_PostalCode()
FNDA:0,get_Empty()
FNDA:0,Of(System.String,System.String,System.String,BuildingBlocks.Core.Domain.ValueObjects.PostalCode)
FNDA:0,.ctor()
FNF:7
FNH:0
BRF:0
BRH:0
DA:7,0
DA:8,0
DA:9,0
DA:11,0
DA:12,0
DA:13,0
DA:14,0
DA:16,0
DA:19,0
DA:20,0
DA:22,0
DA:23,0
LH:0
LF:12
end_of_record
SF:D:\Github\ecommerce-microservices-sample\src\BuildingBlocks\BuildingBlocks.Core\Domain\ValueObjects\Amount.cs
FN:18,get_Value()
FN:19,get_Zero()
FN:22,Of(System.Decimal)
FN:32,op_Implicit(BuildingBlocks.Core.Domain.ValueObjects.Amount)
FN:34,op_GreaterThan(BuildingBlocks.Core.Domain.ValueObjects.Amount,BuildingBlocks.Core.Domain.ValueObjects.Amount)
FN:36,op_LessThan(BuildingBlocks.Core.Domain.ValueObjects.Amount,BuildingBlocks.Core.Domain.ValueObjects.Amount)
FN:38,op_GreaterThanOrEqual(BuildingBlocks.Core.Domain.ValueObjects.Amount,BuildingBlocks.Core.Domain.ValueObjects.Amount)
FN:40,op_LessThanOrEqual(BuildingBlocks.Core.Domain.ValueObjects.Amount,BuildingBlocks.Core.Domain.ValueObjects.Amount)
FN:42,op_Addition(BuildingBlocks.Core.Domain.ValueObjects.Amount,BuildingBlocks.Core.Domain.ValueObjects.Amount)
FN:44,op_Subtraction(BuildingBlocks.Core.Domain.ValueObjects.Amount,BuildingBlocks.Core.Domain.ValueObjects.Amount)
FN:10,.ctor(System.Decimal)
FNDA:0,get_Value()
FNDA:0,get_Zero()
FNDA:0,Of(System.Decimal)
FNDA:0,op_Implicit(BuildingBlocks.Core.Domain.ValueObjects.Amount)
FNDA:0,op_GreaterThan(BuildingBlocks.Core.Domain.ValueObjects.Amount,BuildingBlocks.Core.Domain.ValueObjects.Amount)
FNDA:0,op_LessThan(BuildingBlocks.Core.Domain.ValueObjects.Amount,BuildingBlocks.Core.Domain.ValueObjects.Amount)
FNDA:0,op_GreaterThanOrEqual(BuildingBlocks.Core.Domain.ValueObjects.Amount,BuildingBlocks.Core.Domain.ValueObjects.Amount)
FNDA:0,op_LessThanOrEqual(BuildingBlocks.Core.Domain.ValueObjects.Amount,BuildingBlocks.Core.Domain.ValueObjects.Amount)
FNDA:0,op_Addition(BuildingBlocks.Core.Domain.ValueObjects.Amount,BuildingBlocks.Core.Domain.ValueObjects.Amount)
FNDA:0,op_Subtraction(BuildingBlocks.Core.Domain.ValueObjects.Amount,BuildingBlocks.Core.Domain.ValueObjects.Amount)
FNDA:0,.ctor(System.Decimal)
FNF:11
FNH:0
BRDA:24,24,216,-
BRDA:24,24,217,-
BRDA:24,24,218,-
BRDA:24,24,219,-
BRF:4
BRH:0
DA:10,0
DA:11,0
DA:12,0
DA:13,0
DA:18,0
DA:19,0
DA:22,0
DA:24,0
DA:25,0
DA:26,0
DA:29,0
DA:30,0
DA:32,0
DA:34,0
DA:36,0
DA:38,0
DA:40,0
DA:42,0
DA:44,0
LH:0
LF:19
end_of_record
SF:D:\Github\ecommerce-microservices-sample\src\BuildingBlocks\BuildingBlocks.Core\Domain\ValueObjects\BirthDate.cs
FN:11,get_Value()
FN:15,Of(System.DateTime)
FN:34,op_Implicit(BuildingBlocks.Core.Domain.ValueObjects.BirthDate)
FN:9,.ctor()
FNDA:0,get_Value()
FNDA:0,Of(System.DateTime)
FNDA:0,op_Implicit(BuildingBlocks.Core.Domain.ValueObjects.BirthDate)
FNDA:0,.ctor()
FNF:4
FNH:0
BRDA:17,17,220,-
BRDA:17,17,221,-
BRDA:26,26,222,-
BRDA:26,26,223,-
BRDA:26,26,224,-
BRDA:26,26,225,-
BRF:6
BRH:0
DA:9,0
DA:11,0
DA:15,0
DA:17,0
DA:18,0
DA:19,0
DA:22,0
DA:23,0
DA:26,0
DA:27,0
DA:28,0
DA:31,0
DA:32,0
DA:34,0
LH:0
LF:14
end_of_record
SF:D:\Github\ecommerce-microservices-sample\src\BuildingBlocks\BuildingBlocks.Core\Domain\ValueObjects\Currency.cs
FN:20,get_Value()
FN:24,Of(System.String)
FN:30,op_Implicit(BuildingBlocks.Core.Domain.ValueObjects.Currency)
FN:12,.ctor(System.String)
FNDA:0,get_Value()
FNDA:0,Of(System.String)
FNDA:0,op_Implicit(BuildingBlocks.Core.Domain.ValueObjects.Currency)
FNDA:0,.ctor(System.String)
FNF:4
FNH:0
BRF:0
BRH:0
DA:12,0
DA:13,0
DA:14,0
DA:15,0
DA:20,0
DA:24,0
DA:26,0
DA:27,0
DA:28,0
DA:30,0
LH:0
LF:10
end_of_record
SF:D:\Github\ecommerce-microservices-sample\src\BuildingBlocks\BuildingBlocks.Core\Domain\ValueObjects\Email.cs
FN:18,get_Value()
FN:21,Of(System.String)
FN:27,op_Implicit(BuildingBlocks.Core.Domain.ValueObjects.Email)
FN:10,.ctor(System.String)
FN:31,.ctor()
FNDA:0,get_Value()
FNDA:0,Of(System.String)
FNDA:0,op_Implicit(BuildingBlocks.Core.Domain.ValueObjects.Email)
FNDA:0,.ctor(System.String)
FNDA:0,.ctor()
FNF:5
FNH:0
BRF:0
BRH:0
DA:10,0
DA:11,0
DA:12,0
DA:13,0
DA:18,0
DA:21,0
DA:23,0
DA:24,0
DA:25,0
DA:27,0
DA:31,0
DA:32,0
DA:33,0
DA:34,0
DA:35,0
LH:0
LF:15
end_of_record
SF:D:\Github\ecommerce-microservices-sample\src\BuildingBlocks\BuildingBlocks.Core\Domain\ValueObjects\Money.cs
FN:13,get_Value()
FN:14,get_Currency()
FN:17,Of(System.Decimal,System.String)
FN:26,op_Multiply(System.Int32,BuildingBlocks.Core.Domain.ValueObjects.Money)
FN:9,.ctor()
FNDA:0,get_Value()
FNDA:0,get_Currency()
FNDA:0,Of(System.Decimal,System.String)
FNDA:0,op_Multiply(System.Int32,BuildingBlocks.Core.Domain.ValueObjects.Money)
FNDA:0,.ctor()
FNF:5
FNH:0
BRF:0
BRH:0
DA:9,0
DA:10,0
DA:11,0
DA:13,0
DA:14,0
DA:17,0
DA:19,0
DA:20,0
DA:22,0
DA:23,0
DA:26,0
DA:27,0
DA:28,0
LH:0
LF:13
end_of_record
SF:D:\Github\ecommerce-microservices-sample\src\BuildingBlocks\BuildingBlocks.Core\Domain\ValueObjects\PhoneNumber.cs
FN:20,get_Value()
FN:23,Of(System.String)
FN:31,op_Implicit(BuildingBlocks.Core.Domain.ValueObjects.PhoneNumber)
FN:12,.ctor(System.String)
FNDA:0,get_Value()
FNDA:0,Of(System.String)
FNDA:0,op_Implicit(BuildingBlocks.Core.Domain.ValueObjects.PhoneNumber)
FNDA:0,.ctor(System.String)
FNF:4
FNH:0
BRF:0
BRH:0
DA:12,0
DA:13,0
DA:14,0
DA:15,0
DA:20,0
DA:23,0
DA:25,0
DA:26,0
DA:27,0
DA:28,0
DA:29,0
DA:31,0
LH:0
LF:12
end_of_record
SF:D:\Github\ecommerce-microservices-sample\src\BuildingBlocks\BuildingBlocks.Core\Domain\ValueObjects\Address.cs
FN:34,get_Value()
FN:37,Of(System.String)
FN:38,op_Implicit(BuildingBlocks.Core.Domain.ValueObjects.PostalCode)
FN:30,.ctor()
FNDA:0,get_Value()
FNDA:0,Of(System.String)
FNDA:0,op_Implicit(BuildingBlocks.Core.Domain.ValueObjects.PostalCode)
FNDA:0,.ctor()
FNF:4
FNH:0
BRF:0
BRH:0
DA:30,0
DA:31,0
DA:32,0
DA:34,0
DA:37,0
DA:38,0
LH:0
LF:6
end_of_record
SF:D:\Github\ecommerce-microservices-sample\src\BuildingBlocks\BuildingBlocks.Core\Exception\GuardExtensions.cs
FN:17,Null(Ardalis.GuardClauses.IGuardClause,T,System.Exception)
FN:27,NullOrEmpty(Ardalis.GuardClauses.IGuardClause,System.String,System.Exception)
FN:37,NullOrWhiteSpace(Ardalis.GuardClauses.IGuardClause,System.String,System.Exception)
FN:47,NegativeOrZero(Ardalis.GuardClauses.IGuardClause,System.Decimal,System.Exception)
FN:52,NegativeOrZero(Ardalis.GuardClauses.IGuardClause,System.Int32,System.Exception)
FN:57,NegativeOrZero(Ardalis.GuardClauses.IGuardClause,System.Int64,System.Exception)
FN:62,NegativeOrZero(Ardalis.GuardClauses.IGuardClause,System.Double,System.Exception)
FN:68,NegativeOrZero(Ardalis.GuardClauses.IGuardClause,T,System.Exception)
FN:78,Negative(Ardalis.GuardClauses.IGuardClause,System.Decimal,System.Exception)
FN:83,Negative(Ardalis.GuardClauses.IGuardClause,System.Int32,System.Exception)
FN:88,Negative(Ardalis.GuardClauses.IGuardClause,System.Int64,System.Exception)
FN:93,Negative(Ardalis.GuardClauses.IGuardClause,System.Double,System.Exception)
FN:99,Negative(Ardalis.GuardClauses.IGuardClause,T,System.Exception)
FN:109,NotExists(Ardalis.GuardClauses.IGuardClause,System.Boolean,System.Exception)
FN:119,NotFound(Ardalis.GuardClauses.IGuardClause,T,System.Exception)
FN:129,InvalidDate(Ardalis.GuardClauses.IGuardClause,System.DateTime)
FN:139,InvalidEmail(Ardalis.GuardClauses.IGuardClause,System.String)
FN:144,InvalidEmail(Ardalis.GuardClauses.IGuardClause,System.String,System.Exception)
FN:165,InvalidCurrency(Ardalis.GuardClauses.IGuardClause,System.String)
FN:170,InvalidCurrency(Ardalis.GuardClauses.IGuardClause,System.String,System.Exception)
FN:186,InvalidPhoneNumber(Ardalis.GuardClauses.IGuardClause,System.String)
FN:194,InvalidPhoneNumber(Ardalis.GuardClauses.IGuardClause,System.String,System.Exception)
FN:9,.cctor()
FNDA:0,Null(Ardalis.GuardClauses.IGuardClause,T,System.Exception)
FNDA:0,NullOrEmpty(Ardalis.GuardClauses.IGuardClause,System.String,System.Exception)
FNDA:0,NullOrWhiteSpace(Ardalis.GuardClauses.IGuardClause,System.String,System.Exception)
FNDA:0,NegativeOrZero(Ardalis.GuardClauses.IGuardClause,System.Decimal,System.Exception)
FNDA:0,NegativeOrZero(Ardalis.GuardClauses.IGuardClause,System.Int32,System.Exception)
FNDA:0,NegativeOrZero(Ardalis.GuardClauses.IGuardClause,System.Int64,System.Exception)
FNDA:0,NegativeOrZero(Ardalis.GuardClauses.IGuardClause,System.Double,System.Exception)
FNDA:0,NegativeOrZero(Ardalis.GuardClauses.IGuardClause,T,System.Exception)
FNDA:0,Negative(Ardalis.GuardClauses.IGuardClause,System.Decimal,System.Exception)
FNDA:0,Negative(Ardalis.GuardClauses.IGuardClause,System.Int32,System.Exception)
FNDA:0,Negative(Ardalis.GuardClauses.IGuardClause,System.Int64,System.Exception)
FNDA:0,Negative(Ardalis.GuardClauses.IGuardClause,System.Double,System.Exception)
FNDA:0,Negative(Ardalis.GuardClauses.IGuardClause,T,System.Exception)
FNDA:0,NotExists(Ardalis.GuardClauses.IGuardClause,System.Boolean,System.Exception)
FNDA:0,NotFound(Ardalis.GuardClauses.IGuardClause,T,System.Exception)
FNDA:0,InvalidDate(Ardalis.GuardClauses.IGuardClause,System.DateTime)
FNDA:0,InvalidEmail(Ardalis.GuardClauses.IGuardClause,System.String)
FNDA:0,InvalidEmail(Ardalis.GuardClauses.IGuardClause,System.String,System.Exception)
FNDA:0,InvalidCurrency(Ardalis.GuardClauses.IGuardClause,System.String)
FNDA:0,InvalidCurrency(Ardalis.GuardClauses.IGuardClause,System.String,System.Exception)
FNDA:0,InvalidPhoneNumber(Ardalis.GuardClauses.IGuardClause,System.String)
FNDA:0,InvalidPhoneNumber(Ardalis.GuardClauses.IGuardClause,System.String,System.Exception)
FNDA:0,.cctor()
FNF:23
FNH:0
BRDA:18,18,226,-
BRDA:18,18,227,-
BRDA:28,28,228,-
BRDA:28,28,229,-
BRDA:38,38,230,-
BRDA:38,38,231,-
BRDA:69,69,232,-
BRDA:69,69,233,-
BRDA:100,100,234,-
BRDA:100,100,235,-
BRDA:110,110,236,-
BRDA:110,110,237,-
BRDA:120,120,238,-
BRDA:120,120,239,-
BRDA:130,130,240,-
BRDA:130,130,241,-
BRDA:140,140,242,-
BRDA:140,140,243,-
BRDA:145,145,244,-
BRDA:145,145,245,-
BRDA:150,150,246,-
BRDA:150,150,247,-
BRDA:156,156,248,-
BRDA:156,156,249,-
BRDA:171,171,250,-
BRDA:171,171,251,-
BRDA:171,171,252,-
BRDA:171,171,253,-
BRDA:177,177,254,-
BRDA:177,177,255,-
BRDA:195,195,256,-
BRDA:195,195,257,-
BRDA:200,200,258,-
BRDA:200,200,259,-
BRDA:205,205,260,-
BRDA:205,205,261,-
BRF:36
BRH:0
DA:9,0
DA:10,0
DA:11,0
DA:12,0
DA:14,0
DA:17,0
DA:18,0
DA:19,0
DA:20,0
DA:23,0
DA:24,0
DA:27,0
DA:28,0
DA:29,0
DA:30,0
DA:33,0
DA:34,0
DA:37,0
DA:38,0
DA:39,0
DA:40,0
DA:43,0
DA:44,0
DA:47,0
DA:48,0
DA:49,0
DA:52,0
DA:53,0
DA:54,0
DA:57,0
DA:58,0
DA:59,0
DA:62,0
DA:63,0
DA:64,0
DA:68,0
DA:69,0
DA:70,0
DA:71,0
DA:74,0
DA:75,0
DA:78,0
DA:79,0
DA:80,0
DA:83,0
DA:84,0
DA:85,0
DA:88,0
DA:89,0
DA:90,0
DA:93,0
DA:94,0
DA:95,0
DA:99,0
DA:100,0
DA:101,0
DA:102,0
DA:105,0
DA:106,0
DA:109,0
DA:110,0
DA:111,0
DA:112,0
DA:115,0
DA:116,0
DA:119,0
DA:120,0
DA:121,0
DA:122,0
DA:125,0
DA:126,0
DA:129,0
DA:130,0
DA:131,0
DA:132,0
DA:135,0
DA:136,0
DA:139,0
DA:140,0
DA:141,0
DA:144,0
DA:145,0
DA:146,0
DA:147,0
DA:150,0
DA:151,0
DA:152,0
DA:155,0
DA:156,0
DA:157,0
DA:158,0
DA:161,0
DA:162,0
DA:165,0
DA:166,0
DA:167,0
DA:170,0
DA:171,0
DA:172,0
DA:173,0
DA:176,0
DA:177,0
DA:178,0
DA:179,0
DA:182,0
DA:183,0
DA:186,0
DA:187,0
DA:188,0
DA:194,0
DA:195,0
DA:196,0
DA:197,0
DA:200,0
DA:201,0
DA:202,0
DA:205,0
DA:206,0
DA:207,0
DA:210,0
DA:211,0
LH:0
LF:121
end_of_record
SF:D:\Github\ecommerce-microservices-sample\src\BuildingBlocks\BuildingBlocks.Core\Exception\Types\ApiException.cs
FN:7,.ctor(System.String,System.Net.HttpStatusCode)
FNDA:0,.ctor(System.String,System.Net.HttpStatusCode)
FNF:1
FNH:0
BRF:0
BRH:0
DA:7,0
DA:8,0
DA:9,0
DA:10,0
LH:0
LF:4
end_of_record
SF:D:\Github\ecommerce-microservices-sample\src\BuildingBlocks\BuildingBlocks.Core\Exception\Types\AppException.cs
FN:7,.ctor(System.String,System.Net.HttpStatusCode)
FNDA:0,.ctor(System.String,System.Net.HttpStatusCode)
FNF:1
FNH:0
BRF:0
BRH:0
DA:7,0
DA:8,0
DA:9,0
DA:10,0
LH:0
LF:4
end_of_record
SF:D:\Github\ecommerce-microservices-sample\src\BuildingBlocks\BuildingBlocks.Core\Exception\Types\BadRequestException.cs
FN:7,.ctor(System.String)
FNDA:0,.ctor(System.String)
FNF:1
FNH:0
BRF:0
BRH:0
DA:7,0
DA:8,0
DA:9,0
DA:10,0
LH:0
LF:4
end_of_record
SF:D:\Github\ecommerce-microservices-sample\src\BuildingBlocks\BuildingBlocks.Core\Exception\Types\ConflictException.cs
FN:7,.ctor(System.String)
FNDA:0,.ctor(System.String)
FNF:1
FNH:0
BRF:0
BRH:0
DA:7,0
DA:8,0
DA:9,0
DA:10,0
LH:0
LF:4
end_of_record
SF:D:\Github\ecommerce-microservices-sample\src\BuildingBlocks\BuildingBlocks.Core\Exception\Types\CustomException.cs
FN:16,get_ErrorMessages()
FN:18,get_StatusCode()
FN:10,.ctor(System.String,System.Net.HttpStatusCode,System.String[])
FNDA:0,get_ErrorMessages()
FNDA:0,get_StatusCode()
FNDA:0,.ctor(System.String,System.Net.HttpStatusCode,System.String[])
FNF:3
FNH:0
BRF:0
BRH:0
DA:10,0
DA:11,0
DA:12,0
DA:13,0
DA:14,0
DA:16,0
DA:18,0
LH:0
LF:7
end_of_record
SF:D:\Github\ecommerce-microservices-sample\src\BuildingBlocks\BuildingBlocks.Core\Exception\Types\ForbiddenException.cs
FN:7,.ctor(System.String)
FNDA:0,.ctor(System.String)
FNF:1
FNH:0
BRF:0
BRH:0
DA:7,0
DA:8,0
DA:9,0
LH:0
LF:3
end_of_record
SF:D:\Github\ecommerce-microservices-sample\src\BuildingBlocks\BuildingBlocks.Core\Exception\Types\HttpResponseException.cs
FN:10,.ctor(System.String,System.Net.HttpStatusCode)
FNDA:0,.ctor(System.String,System.Net.HttpStatusCode)
FNF:1
FNH:0
BRF:0
BRH:0
DA:10,0
DA:11,0
DA:12,0
LH:0
LF:3
end_of_record
SF:D:\Github\ecommerce-microservices-sample\src\BuildingBlocks\BuildingBlocks.Core\Exception\Types\IdentityException.cs
FN:11,.ctor(System.String,System.Net.HttpStatusCode,System.String[])
FNDA:0,.ctor(System.String,System.Net.HttpStatusCode,System.String[])
FNF:1
FNH:0
BRF:0
BRH:0
DA:11,0
DA:12,0
DA:13,0
LH:0
LF:3
end_of_record
SF:D:\Github\ecommerce-microservices-sample\src\BuildingBlocks\BuildingBlocks.Core\Exception\Types\InvalidAddressException.cs
FN:5,get_Address()
FN:7,.ctor(System.String)
FNDA:0,get_Address()
FNDA:0,.ctor(System.String)
FNF:2
FNH:0
BRF:0
BRH:0
DA:5,0
DA:7,0
DA:8,0
DA:9,0
DA:10,0
LH:0
LF:5
end_of_record
SF:D:\Github\ecommerce-microservices-sample\src\BuildingBlocks\BuildingBlocks.Core\Exception\Types\InvalidAmountException.cs
FN:5,get_Amount()
FN:7,.ctor(System.Decimal)
FNDA:0,get_Amount()
FNDA:0,.ctor(System.Decimal)
FNF:2
FNH:0
BRF:0
BRH:0
DA:5,0
DA:7,0
DA:8,0
DA:9,0
DA:10,0
LH:0
LF:5
end_of_record
SF:D:\Github\ecommerce-microservices-sample\src\BuildingBlocks\BuildingBlocks.Core\Exception\Types\InvalidCurrencyException.cs
FN:5,get_Currency()
FN:7,.ctor(System.String)
FNDA:0,get_Currency()
FNDA:0,.ctor(System.String)
FNF:2
FNH:0
BRF:0
BRH:0
DA:5,0
DA:7,0
DA:8,0
DA:9,0
DA:10,0
LH:0
LF:5
end_of_record
SF:D:\Github\ecommerce-microservices-sample\src\BuildingBlocks\BuildingBlocks.Core\Exception\Types\InvalidDateException.cs
FN:5,get_Date()
FN:7,.ctor(System.DateTime)
FNDA:0,get_Date()
FNDA:0,.ctor(System.DateTime)
FNF:2
FNH:0
BRF:0
BRH:0
DA:5,0
DA:7,0
DA:8,0
DA:9,0
DA:10,0
LH:0
LF:5
end_of_record
SF:D:\Github\ecommerce-microservices-sample\src\BuildingBlocks\BuildingBlocks.Core\Exception\Types\InvalidEmailException.cs
FN:5,get_Email()
FN:7,.ctor(System.String)
FNDA:0,get_Email()
FNDA:0,.ctor(System.String)
FNF:2
FNH:0
BRF:0
BRH:0
DA:5,0
DA:7,0
DA:8,0
DA:9,0
DA:10,0
LH:0
LF:5
end_of_record
SF:D:\Github\ecommerce-microservices-sample\src\BuildingBlocks\BuildingBlocks.Core\Exception\Types\InvalidPhoneNumberException.cs
FN:5,get_PhoneNumber()
FN:7,.ctor(System.String)
FNDA:0,get_PhoneNumber()
FNDA:0,.ctor(System.String)
FNF:2
FNH:0
BRF:0
BRH:0
DA:5,0
DA:7,0
DA:8,0
DA:9,0
DA:10,0
LH:0
LF:5
end_of_record
SF:D:\Github\ecommerce-microservices-sample\src\BuildingBlocks\BuildingBlocks.Core\Exception\Types\NotFoundException.cs
FN:7,.ctor(System.String)
FNDA:0,.ctor(System.String)
FNF:1
FNH:0
BRF:0
BRH:0
DA:7,0
DA:8,0
DA:9,0
DA:10,0
LH:0
LF:4
end_of_record
SF:D:\Github\ecommerce-microservices-sample\src\BuildingBlocks\BuildingBlocks.Core\Exception\Types\UnAuthorizedException.cs
FN:7,.ctor(System.String)
FNDA:0,.ctor(System.String)
FNF:1
FNH:0
BRF:0
BRH:0
DA:7,0
DA:8,0
DA:9,0
LH:0
LF:3
end_of_record
SF:D:\Github\ecommerce-microservices-sample\src\BuildingBlocks\BuildingBlocks.Core\ExclusiveLock.cs
FN:20,AquireAsync(System.Object,System.Threading.CancellationToken)
FN:30,ReleaseAsync(System.Object)
FN:37,Execute(T,System.Action`1<T>,System.Threading.CancellationToken)
FN:75,Dispose()
FN:11,.ctor()
FN:56,ExecuteAsync()
FNDA:0,AquireAsync(System.Object,System.Threading.CancellationToken)
FNDA:0,ReleaseAsync(System.Object)
FNDA:0,Execute(T,System.Action`1<T>,System.Threading.CancellationToken)
FNDA:0,Dispose()
FNDA:0,.ctor()
FNDA:0,ExecuteAsync()
FNF:6
FNH:0
BRDA:38,38,262,-
BRDA:38,38,263,-
BRDA:39,39,264,-
BRDA:39,39,265,-
BRDA:76,76,266,-
BRDA:76,76,267,-
BRF:6
BRH:0
DA:11,0
DA:13,0
DA:14,0
DA:15,0
DA:16,0
DA:17,0
DA:20,0
DA:21,0
DA:22,0
DA:24,0
DA:25,0
DA:26,0
DA:27,0
DA:30,0
DA:31,0
DA:32,0
DA:33,0
DA:34,0
DA:37,0
DA:38,0
DA:39,0
DA:40,0
DA:42,0
DA:43,0
DA:44,0
DA:45,0
DA:46,0
DA:47,0
DA:48,0
DA:50,0
DA:51,0
DA:52,0
DA:53,0
DA:56,0
DA:57,0
DA:58,0
DA:59,0
DA:61,0
DA:62,0
DA:63,0
DA:64,0
DA:65,0
DA:66,0
DA:67,0
DA:69,0
DA:70,0
DA:71,0
DA:72,0
DA:75,0
DA:76,0
DA:77,0
DA:78,0
DA:79,0
DA:80,0
LH:0
LF:54
end_of_record
SF:D:\Github\ecommerce-microservices-sample\src\BuildingBlocks\BuildingBlocks.Core\Extensions\ClaimsPrincipalExtensions.cs
FN:8,GetClaimValue(System.Security.Claims.ClaimsPrincipal,System.String)
FNDA:0,GetClaimValue(System.Security.Claims.ClaimsPrincipal,System.String)
FNF:1
FNH:0
BRF:0
BRH:0
DA:8,0
DA:9,0
DA:10,0
LH:0
LF:3
end_of_record
SF:D:\Github\ecommerce-microservices-sample\src\BuildingBlocks\BuildingBlocks.Core\Extensions\ConfigurationExtensions.cs
FN:19,BindOptions(Microsoft.Extensions.Configuration.IConfiguration,System.String)
FN:39,BindOptions(Microsoft.Extensions.Configuration.IConfiguration)
FNDA:0,BindOptions(Microsoft.Extensions.Configuration.IConfiguration,System.String)
FNDA:0,BindOptions(Microsoft.Extensions.Configuration.IConfiguration)
FNF:2
FNH:0
BRF:0
BRH:0
DA:19,0
DA:23,0
DA:25,0
DA:26,0
DA:28,0
DA:29,0
DA:39,0
DA:40,0
DA:41,0
LH:0
LF:9
end_of_record
SF:D:\Github\ecommerce-microservices-sample\src\BuildingBlocks\BuildingBlocks.Core\Extensions\DateTimeExtensions.cs
FN:8,ToUnixTimeSecond(System.DateTime)
FN:14,ToDateTime(System.Nullable`1<System.Int64>)
FN:17,ToUnixTimeMilliseconds(System.DateTime)
FN:5,.cctor()
FNDA:0,ToUnixTimeSecond(System.DateTime)
FNDA:0,ToDateTime(System.Nullable`1<System.Int64>)
FNDA:0,ToUnixTimeMilliseconds(System.DateTime)
FNDA:0,.cctor()
FNF:4
FNH:0
BRDA:14,14,268,-
BRDA:14,14,269,-
BRF:2
BRH:0
DA:5,0
DA:8,0
DA:9,0
DA:10,0
DA:11,0
DA:14,0
DA:17,0
DA:18,0
DA:19,0
LH:0
LF:9
end_of_record
SF:D:\Github\ecommerce-microservices-sample\src\BuildingBlocks\BuildingBlocks.Core\Extensions\DictionaryExtensions.cs
FN:6,TryAdd(System.Collections.Generic.IDictionary`2<TKey,TValue>,TKey,TValue)
FN:17,AddOrReplace(System.Collections.Generic.IDictionary`2<TKey,TValue>,TKey,TValue)
FN:28,Get(System.Collections.Generic.IDictionary`2<System.String,System.Object>,System.String)
FN:36,Get(System.Collections.Generic.IDictionary`2<System.String,System.Object>,System.String)
FNDA:0,TryAdd(System.Collections.Generic.IDictionary`2<TKey,TValue>,TKey,TValue)
FNDA:0,AddOrReplace(System.Collections.Generic.IDictionary`2<TKey,TValue>,TKey,TValue)
FNDA:0,Get(System.Collections.Generic.IDictionary`2<System.String,System.Object>,System.String)
FNDA:0,Get(System.Collections.Generic.IDictionary`2<System.String,System.Object>,System.String)
FNF:4
FNH:0
BRDA:7,7,270,-
BRDA:7,7,271,-
BRDA:18,18,272,-
BRDA:18,18,273,-
BRF:4
BRH:0
DA:6,0
DA:7,0
DA:8,0
DA:9,0
DA:12,0
DA:13,0
DA:14,0
DA:17,0
DA:18,0
DA:19,0
DA:20,0
DA:21,0
DA:23,0
DA:24,0
DA:28,0
DA:29,0
DA:31,0
DA:32,0
DA:36,0
DA:37,0
DA:39,0
DA:40,0
LH:0
LF:22
end_of_record
SF:D:\Github\ecommerce-microservices-sample\src\BuildingBlocks\BuildingBlocks.Core\Extensions\EnumExtensions.cs
FN:12,GetAttribute(System.Enum)
FN:24,ToName(System.Enum)
FNDA:0,GetAttribute(System.Enum)
FNDA:0,ToName(System.Enum)
FNF:2
FNH:0
BRDA:16,16,274,-
BRDA:16,16,275,-
BRDA:26,26,276,-
BRDA:26,26,277,-
BRF:4
BRH:0
DA:12,0
DA:13,0
DA:14,0
DA:15,0
DA:16,0
DA:17,0
DA:18,0
DA:19,0
DA:24,0
DA:25,0
DA:26,0
DA:27,0
LH:0
LF:12
end_of_record
SF:D:\Github\ecommerce-microservices-sample\src\BuildingBlocks\BuildingBlocks.Core\Extensions\HeaderDictionaryExtensions.cs
FN:11,All(Microsoft.AspNetCore.Http.IHeaderDictionary,System.String)
FN:40,Get(Microsoft.AspNetCore.Http.IHeaderDictionary,System.String,T,BuildingBlocks.Core.Extensions.ParameterPick)
FNDA:0,All(Microsoft.AspNetCore.Http.IHeaderDictionary,System.String)
FNDA:0,Get(Microsoft.AspNetCore.Http.IHeaderDictionary,System.String,T,BuildingBlocks.Core.Extensions.ParameterPick)
FNF:2
FNH:0
BRDA:14,14,278,-
BRDA:14,14,279,-
BRDA:16,16,280,-
BRDA:16,16,281,-
BRDA:44,44,282,-
BRDA:44,44,283,-
BRDA:46,46,284,-
BRDA:46,46,285,-
BRDA:46,46,286,-
BRDA:46,46,287,-
BRDA:54,54,288,-
BRDA:54,54,289,-
BRF:12
BRH:0
DA:11,0
DA:12,0
DA:14,0
DA:15,0
DA:16,0
DA:17,0
DA:19,0
DA:20,0
DA:21,0
DA:22,0
DA:23,0
DA:24,0
DA:27,0
DA:28,0
DA:29,0
DA:32,0
DA:33,0
DA:40,0
DA:41,0
DA:42,0
DA:44,0
DA:45,0
DA:46,0
DA:47,0
DA:48,0
DA:49,0
DA:50,0
DA:51,0
DA:52,0
DA:54,0
DA:55,0
LH:0
LF:31
end_of_record
SF:D:\Github\ecommerce-microservices-sample\src\BuildingBlocks\BuildingBlocks.Core\Extensions\HostEnvironmentExtensions.cs
FN:7,IsTest(Microsoft.Extensions.Hosting.IHostEnvironment)
FN:8,IsDocker(Microsoft.Extensions.Hosting.IHostEnvironment)
FNDA:0,IsTest(Microsoft.Extensions.Hosting.IHostEnvironment)
FNDA:0,IsDocker(Microsoft.Extensions.Hosting.IHostEnvironment)
FNF:2
FNH:0
BRF:0
BRH:0
DA:7,0
DA:8,0
LH:0
LF:2
end_of_record
SF:D:\Github\ecommerce-microservices-sample\src\BuildingBlocks\BuildingBlocks.Core\Extensions\HttpClientExtensions.cs
FN:13,PostAsJsonAsync()
FN:28,PutAsJsonAsync()
FNDA:0,PostAsJsonAsync()
FNDA:0,PutAsJsonAsync()
FNF:2
FNH:0
BRF:0
BRH:0
DA:13,0
DA:14,0
DA:15,0
DA:17,0
DA:19,0
DA:20,0
DA:28,0
DA:29,0
DA:30,0
DA:32,0
DA:34,0
DA:35,0
LH:0
LF:12
end_of_record
SF:D:\Github\ecommerce-microservices-sample\src\BuildingBlocks\BuildingBlocks.Core\Extensions\HttpResponseMessageExtensions.cs
FN:13,EnsureSuccessStatusCodeWithDetailAsync()
FNDA:0,EnsureSuccessStatusCodeWithDetailAsync()
FNF:1
FNH:0
BRDA:14,14,290,-
BRDA:14,14,291,-
BRF:2
BRH:0
DA:13,0
DA:14,0
DA:15,0
DA:16,0
DA:19,0
DA:21,0
DA:22,0
LH:0
LF:7
end_of_record
SF:D:\Github\ecommerce-microservices-sample\src\BuildingBlocks\BuildingBlocks.Core\Extensions\ObjectExtensions.cs
FN:8,GetQueryString(System.Object)
FNDA:0,GetQueryString(System.Object)
FNF:1
FNH:0
BRF:0
BRH:0
DA:8,0
DA:9,0
DA:10,0
DA:11,0
DA:13,0
DA:14,0
LH:0
LF:6
end_of_record
SF:D:\Github\ecommerce-microservices-sample\src\BuildingBlocks\BuildingBlocks.Core\Extensions\QueryCollectionExtensions.cs
FN:13,All(Microsoft.AspNetCore.Http.IQueryCollection,System.String)
FN:40,Get(Microsoft.AspNetCore.Http.IQueryCollection,System.String,T,BuildingBlocks.Core.Extensions.ParameterPick)
FN:62,GetCollection(Microsoft.AspNetCore.Http.IQueryCollection,System.String,T)
FNDA:0,All(Microsoft.AspNetCore.Http.IQueryCollection,System.String)
FNDA:0,Get(Microsoft.AspNetCore.Http.IQueryCollection,System.String,T,BuildingBlocks.Core.Extensions.ParameterPick)
FNDA:0,GetCollection(Microsoft.AspNetCore.Http.IQueryCollection,System.String,T)
FNF:3
FNH:0
BRDA:15,15,292,-
BRDA:15,15,293,-
BRDA:17,17,294,-
BRDA:17,17,295,-
BRDA:44,44,296,-
BRDA:44,44,297,-
BRDA:46,46,298,-
BRDA:46,46,299,-
BRDA:46,46,300,-
BRDA:46,46,301,-
BRDA:54,54,302,-
BRDA:54,54,303,-
BRDA:68,68,304,-
BRDA:68,68,305,-
BRDA:70,70,306,-
BRDA:70,70,307,-
BRDA:74,74,308,-
BRDA:74,74,309,-
BRDA:77,77,310,-
BRDA:77,77,311,-
BRDA:82,82,312,-
BRDA:82,82,313,-
BRDA:97,97,314,-
BRDA:97,97,315,-
BRF:24
BRH:0
DA:13,0
DA:14,0
DA:15,0
DA:16,0
DA:17,0
DA:18,0
DA:20,0
DA:21,0
DA:22,0
DA:23,0
DA:24,0
DA:25,0
DA:28,0
DA:29,0
DA:30,0
DA:32,0
DA:33,0
DA:40,0
DA:41,0
DA:42,0
DA:44,0
DA:45,0
DA:46,0
DA:47,0
DA:48,0
DA:49,0
DA:50,0
DA:51,0
DA:52,0
DA:54,0
DA:55,0
DA:62,0
DA:63,0
DA:64,0
DA:65,0
DA:66,0
DA:68,0
DA:69,0
DA:70,0
DA:71,0
DA:73,0
DA:74,0
DA:75,0
DA:76,0
DA:77,0
DA:78,0
DA:80,0
DA:81,0
DA:82,0
DA:83,0
DA:84,0
DA:85,0
DA:86,0
DA:89,0
DA:90,0
DA:91,0
DA:93,0
DA:94,0
DA:97,0
DA:98,0
LH:0
LF:60
end_of_record
SF:D:\Github\ecommerce-microservices-sample\src\BuildingBlocks\BuildingBlocks.Core\Extensions\ReflectionExtensions.cs
FN:25,InvokeGenericMethod(System.Object,System.String,System.Type[],System.Type,System.Object[])
FN:49,GetGenericMethod(System.Type,System.String,System.Type[],System.Type[],System.Type)
FN:78,InvokeGenericMethodAsync(System.Object,System.String,System.Type[],System.Type,System.Object[])
FN:95,InvokeMethod(System.Object,System.String,System.Object[])
FN:120,InvokeMethodAsync(System.Object,System.String,System.Object[])
FN:145,IsHaveAttribute(System.Reflection.PropertyInfo,System.Type)
FN:150,GetFlatObjectsListWithInterface(System.Object,System.Collections.Generic.IList`1<T>)
FN:196,CastTo(System.Object)
FN:200,CastToReflected(System.Object,System.Type)
FN:211,GenericParametersMatch(System.Collections.Generic.IReadOnlyList`1<System.Type>,System.Collections.Generic.IReadOnlyList`1<System.Type>)
FN:229,GetModuleName(System.Object)
FN:288,IsPrimitive(System.Object)
FN:297,CompileMethodInvocation(System.Reflection.MethodInfo)
FN:137,InvokeMethodWithoutResultAsync()
FN:235,TraverseObjectGraph()
FN:246,TraverseObjectGraphRecursively()
FNDA:0,InvokeGenericMethod(System.Object,System.String,System.Type[],System.Type,System.Object[])
FNDA:0,GetGenericMethod(System.Type,System.String,System.Type[],System.Type[],System.Type)
FNDA:0,InvokeGenericMethodAsync(System.Object,System.String,System.Type[],System.Type,System.Object[])
FNDA:0,InvokeMethod(System.Object,System.String,System.Object[])
FNDA:0,InvokeMethodAsync(System.Object,System.String,System.Object[])
FNDA:0,IsHaveAttribute(System.Reflection.PropertyInfo,System.Type)
FNDA:0,GetFlatObjectsListWithInterface(System.Object,System.Collections.Generic.IList`1<T>)
FNDA:0,CastTo(System.Object)
FNDA:0,CastToReflected(System.Object,System.Type)
FNDA:0,GenericParametersMatch(System.Collections.Generic.IReadOnlyList`1<System.Type>,System.Collections.Generic.IReadOnlyList`1<System.Type>)
FNDA:0,GetModuleName(System.Object)
FNDA:0,IsPrimitive(System.Object)
FNDA:0,CompileMethodInvocation(System.Reflection.MethodInfo)
FNDA:0,InvokeMethodWithoutResultAsync()
FNDA:0,TraverseObjectGraph()
FNDA:0,TraverseObjectGraphRecursively()
FNF:16
FNH:0
BRDA:33,33,316,-
BRDA:33,33,317,-
BRDA:51,51,318,-
BRDA:51,51,319,-
BRDA:51,51,320,-
BRDA:51,51,321,-
BRDA:51,51,322,-
BRDA:51,51,323,-
BRDA:51,51,324,-
BRDA:51,51,325,-
BRDA:81,81,326,-
BRDA:81,81,327,-
BRDA:103,103,328,-
BRDA:103,103,329,-
BRDA:123,123,330,-
BRDA:123,123,331,-
BRDA:153,153,332,-
BRDA:153,153,333,-
BRDA:156,156,334,-
BRDA:156,156,335,-
BRDA:160,160,336,-
BRDA:160,160,337,-
BRDA:168,168,338,-
BRDA:168,168,339,-
BRDA:172,172,340,-
BRDA:172,172,341,-
BRDA:176,176,342,-
BRDA:176,176,343,-
BRDA:176,176,344,-
BRDA:176,176,345,-
BRDA:178,178,346,-
BRDA:178,178,347,-
BRDA:181,181,348,-
BRDA:181,181,349,-
BRDA:183,183,350,-
BRDA:183,183,351,-
BRDA:185,185,352,-
BRDA:185,185,353,-
BRDA:204,204,354,-
BRDA:204,204,355,-
BRDA:205,205,356,-
BRDA:205,205,357,-
BRDA:212,212,358,-
BRDA:212,212,359,-
BRDA:217,217,360,-
BRDA:217,217,361,-
BRDA:219,219,362,-
BRDA:219,219,363,-
BRDA:229,229,364,-
BRDA:229,229,365,-
BRDA:229,229,366,-
BRDA:229,229,367,-
BRDA:289,289,368,-
BRDA:289,289,369,-
BRDA:299,299,370,-
BRDA:299,299,371,-
BRDA:302,302,372,-
BRDA:302,302,373,-
BRDA:309,309,374,-
BRDA:309,309,375,-
BRDA:311,311,376,-
BRDA:311,311,377,-
BRDA:311,311,378,-
BRDA:311,311,379,-
BRDA:314,314,380,-
BRDA:314,314,381,-
BRDA:330,330,382,-
BRDA:330,330,383,-
BRDA:332,332,384,-
BRDA:332,332,385,-
BRDA:140,140,386,-
BRDA:140,140,387,-
BRDA:140,140,388,-
BRDA:140,140,389,-
BRDA:140,140,390,-
BRDA:140,140,391,-
BRDA:140,140,392,-
BRDA:140,140,393,-
BRDA:140,140,394,-
BRDA:140,140,395,-
BRDA:140,140,396,-
BRDA:140,140,397,-
BRDA:236,236,398,-
BRDA:236,236,399,-
BRDA:248,248,400,-
BRDA:248,248,401,-
BRDA:254,254,402,-
BRDA:254,254,403,-
BRDA:258,258,404,-
BRDA:258,258,405,-
BRDA:260,260,406,-
BRDA:260,260,407,-
BRDA:270,270,408,-
BRDA:270,270,409,-
BRDA:273,273,410,-
BRDA:273,273,411,-
BRF:96
BRH:0
DA:25,0
DA:26,0
DA:27,0
DA:28,0
DA:29,0
DA:30,0
DA:31,0
DA:33,0
DA:34,0
DA:35,0
DA:38,0
DA:39,0
DA:40,0
DA:49,0
DA:50,0
DA:51,0
DA:52,0
DA:53,0
DA:54,0
DA:55,0
DA:56,0
DA:57,0
DA:59,0
DA:60,0
DA:78,0
DA:79,0
DA:81,0
DA:82,0
DA:95,0
DA:96,0
DA:97,0
DA:98,0
DA:99,0
DA:100,0
DA:101,0
DA:103,0
DA:104,0
DA:106,0
DA:107,0
DA:120,0
DA:121,0
DA:123,0
DA:124,0
DA:137,0
DA:138,0
DA:140,0
DA:141,0
DA:145,0
DA:146,0
DA:147,0
DA:150,0
DA:151,0
DA:153,0
DA:156,0
DA:157,0
DA:158,0
DA:160,0
DA:161,0
DA:162,0
DA:163,0
DA:164,0
DA:166,0
DA:168,0
DA:169,0
DA:172,0
DA:173,0
DA:176,0
DA:177,0
DA:178,0
DA:179,0
DA:181,0
DA:182,0
DA:183,0
DA:184,0
DA:185,0
DA:186,0
DA:187,0
DA:188,0
DA:189,0
DA:190,0
DA:191,0
DA:193,0
DA:194,0
DA:196,0
DA:200,0
DA:201,0
DA:202,0
DA:203,0
DA:204,0
DA:205,0
DA:206,0
DA:211,0
DA:212,0
DA:213,0
DA:214,0
DA:217,0
DA:218,0
DA:219,0
DA:220,0
DA:221,0
DA:223,0
DA:225,0
DA:226,0
DA:229,0
DA:235,0
DA:236,0
DA:237,0
DA:238,0
DA:239,0
DA:240,0
DA:246,0
DA:247,0
DA:248,0
DA:249,0
DA:250,0
DA:251,0
DA:252,0
DA:253,0
DA:254,0
DA:255,0
DA:256,0
DA:257,0
DA:258,0
DA:259,0
DA:260,0
DA:261,0
DA:262,0
DA:263,0
DA:264,0
DA:265,0
DA:266,0
DA:267,0
DA:269,0
DA:270,0
DA:271,0
DA:272,0
DA:273,0
DA:274,0
DA:275,0
DA:276,0
DA:277,0
DA:278,0
DA:279,0
DA:280,0
DA:281,0
DA:282,0
DA:288,0
DA:289,0
DA:290,0
DA:297,0
DA:298,0
DA:299,0
DA:300,0
DA:302,0
DA:303,0
DA:304,0
DA:307,0
DA:309,0
DA:310,0
DA:311,0
DA:312,0
DA:314,0
DA:315,0
DA:316,0
DA:319,0
DA:321,0
DA:322,0
DA:323,0
DA:324,0
DA:325,0
DA:326,0
DA:327,0
DA:328,0
DA:330,0
DA:331,0
DA:332,0
DA:333,0
DA:334,0
DA:335,0
DA:336,0
DA:337,0
DA:339,0
DA:340,0
DA:341,0
DA:342,0
DA:343,0
DA:345,0
DA:346,0
DA:347,0
DA:348,0
DA:349,0
DA:350,0
DA:352,0
DA:353,0
DA:355,0
DA:357,0
DA:359,0
DA:360,0
LH:0
LF:198
end_of_record
SF:D:\Github\ecommerce-microservices-sample\src\BuildingBlocks\BuildingBlocks.Core\Extensions\ServiceCollection\ServiceCollectionExtensions.Options.cs
FN:63,Validate(T)
FNDA:0,Validate(T)
FNF:1
FNH:0
BRDA:64,64,412,-
BRDA:64,64,413,-
BRDA:68,68,414,-
BRDA:68,68,415,-
BRDA:71,71,416,-
BRDA:71,71,417,-
BRF:6
BRH:0
DA:63,0
DA:64,0
DA:65,0
DA:66,0
DA:68,0
DA:69,0
DA:70,0
DA:71,0
DA:72,0
DA:73,0
DA:75,0
DA:77,0
DA:78,0
LH:0
LF:13
end_of_record
SF:D:\Github\ecommerce-microservices-sample\src\BuildingBlocks\BuildingBlocks.Core\Extensions\ServiceCollection\ServiceCollectionExtensions.Dependency.cs
FN:10,Replace(Microsoft.Extensions.DependencyInjection.IServiceCollection,Microsoft.Extensions.DependencyInjection.ServiceLifetime)
FN:17,ReplaceScoped(Microsoft.Extensions.DependencyInjection.IServiceCollection)
FN:25,ReplaceScoped(Microsoft.Extensions.DependencyInjection.IServiceCollection,System.Func`2<System.IServiceProvider,TService>)
FN:32,ReplaceTransient(Microsoft.Extensions.DependencyInjection.IServiceCollection)
FN:40,ReplaceTransient(Microsoft.Extensions.DependencyInjection.IServiceCollection,System.Func`2<System.IServiceProvider,TService>)
FN:47,ReplaceSingleton(Microsoft.Extensions.DependencyInjection.IServiceCollection)
FN:55,ReplaceSingleton(Microsoft.Extensions.DependencyInjection.IServiceCollection,System.Func`2<System.IServiceProvider,TService>)
FN:67,TryAddTransientExact(Microsoft.Extensions.DependencyInjection.IServiceCollection,System.Type,System.Type)
FN:84,TryAddScopeExact(Microsoft.Extensions.DependencyInjection.IServiceCollection,System.Type,System.Type)
FN:99,Add(Microsoft.Extensions.DependencyInjection.IServiceCollection,System.Func`2<System.IServiceProvider,TImplementation>,Microsoft.Extensions.DependencyInjection.ServiceLifetime)
FN:121,Add(Microsoft.Extensions.DependencyInjection.IServiceCollection,System.Func`2<System.IServiceProvider,TService>,Microsoft.Extensions.DependencyInjection.ServiceLifetime)
FN:142,Add(Microsoft.Extensions.DependencyInjection.IServiceCollection,Microsoft.Extensions.DependencyInjection.ServiceLifetime)
FN:163,Add(Microsoft.Extensions.DependencyInjection.IServiceCollection,System.Type,Microsoft.Extensions.DependencyInjection.ServiceLifetime)
FN:207,Add(Microsoft.Extensions.DependencyInjection.IServiceCollection,System.Type,System.Func`2<System.IServiceProvider,System.Object>,Microsoft.Extensions.DependencyInjection.ServiceLifetime)
FN:229,Add(Microsoft.Extensions.DependencyInjection.IServiceCollection,System.Type,System.Type,Microsoft.Extensions.DependencyInjection.ServiceLifetime)
FNDA:0,Replace(Microsoft.Extensions.DependencyInjection.IServiceCollection,Microsoft.Extensions.DependencyInjection.ServiceLifetime)
FNDA:0,ReplaceScoped(Microsoft.Extensions.DependencyInjection.IServiceCollection)
FNDA:0,ReplaceScoped(Microsoft.Extensions.DependencyInjection.IServiceCollection,System.Func`2<System.IServiceProvider,TService>)
FNDA:0,ReplaceTransient(Microsoft.Extensions.DependencyInjection.IServiceCollection)
FNDA:0,ReplaceTransient(Microsoft.Extensions.DependencyInjection.IServiceCollection,System.Func`2<System.IServiceProvider,TService>)
FNDA:0,ReplaceSingleton(Microsoft.Extensions.DependencyInjection.IServiceCollection)
FNDA:0,ReplaceSingleton(Microsoft.Extensions.DependencyInjection.IServiceCollection,System.Func`2<System.IServiceProvider,TService>)
FNDA:0,TryAddTransientExact(Microsoft.Extensions.DependencyInjection.IServiceCollection,System.Type,System.Type)
FNDA:0,TryAddScopeExact(Microsoft.Extensions.DependencyInjection.IServiceCollection,System.Type,System.Type)
FNDA:0,Add(Microsoft.Extensions.DependencyInjection.IServiceCollection,System.Func`2<System.IServiceProvider,TImplementation>,Microsoft.Extensions.DependencyInjection.ServiceLifetime)
FNDA:0,Add(Microsoft.Extensions.DependencyInjection.IServiceCollection,System.Func`2<System.IServiceProvider,TService>,Microsoft.Extensions.DependencyInjection.ServiceLifetime)
FNDA:0,Add(Microsoft.Extensions.DependencyInjection.IServiceCollection,Microsoft.Extensions.DependencyInjection.ServiceLifetime)
FNDA:0,Add(Microsoft.Extensions.DependencyInjection.IServiceCollection,System.Type,Microsoft.Extensions.DependencyInjection.ServiceLifetime)
FNDA:0,Add(Microsoft.Extensions.DependencyInjection.IServiceCollection,System.Type,System.Func`2<System.IServiceProvider,System.Object>,Microsoft.Extensions.DependencyInjection.ServiceLifetime)
FNDA:0,Add(Microsoft.Extensions.DependencyInjection.IServiceCollection,System.Type,System.Type,Microsoft.Extensions.DependencyInjection.ServiceLifetime)
FNF:15
FNH:0
BRDA:68,68,418,-
BRDA:68,68,419,-
BRDA:85,85,420,-
BRDA:85,85,421,-
BRDA:100,100,422,-
BRDA:100,100,423,-
BRDA:100,100,424,-
BRDA:100,100,425,-
BRDA:122,122,426,-
BRDA:122,122,427,-
BRDA:122,122,428,-
BRDA:122,122,429,-
BRDA:143,143,430,-
BRDA:143,143,431,-
BRDA:143,143,432,-
BRDA:143,143,433,-
BRDA:186,186,434,-
BRDA:186,186,435,-
BRDA:186,186,436,-
BRDA:186,186,437,-
BRDA:164,164,438,-
BRDA:164,164,439,-
BRDA:164,164,440,-
BRDA:164,164,441,-
BRDA:208,208,442,-
BRDA:208,208,443,-
BRDA:208,208,444,-
BRDA:208,208,445,-
BRDA:230,230,446,-
BRDA:230,230,447,-
BRDA:230,230,448,-
BRDA:230,230,449,-
BRF:32
BRH:0
DA:10,0
DA:11,0
DA:12,0
DA:17,0
DA:18,0
DA:19,0
DA:25,0
DA:26,0
DA:27,0
DA:32,0
DA:33,0
DA:34,0
DA:40,0
DA:41,0
DA:42,0
DA:47,0
DA:48,0
DA:49,0
DA:55,0
DA:56,0
DA:57,0
DA:67,0
DA:68,0
DA:69,0
DA:70,0
DA:73,0
DA:74,0
DA:84,0
DA:85,0
DA:86,0
DA:87,0
DA:90,0
DA:91,0
DA:99,0
DA:100,0
DA:103,0
DA:106,0
DA:109,0
DA:112,0
DA:114,0
DA:121,0
DA:122,0
DA:125,0
DA:128,0
DA:131,0
DA:134,0
DA:136,0
DA:142,0
DA:143,0
DA:146,0
DA:149,0
DA:152,0
DA:155,0
DA:157,0
DA:163,0
DA:164,0
DA:167,0
DA:170,0
DA:173,0
DA:176,0
DA:178,0
DA:185,0
DA:186,0
DA:189,0
DA:192,0
DA:195,0
DA:198,0
DA:200,0
DA:207,0
DA:208,0
DA:211,0
DA:214,0
DA:217,0
DA:220,0
DA:222,0
DA:229,0
DA:230,0
DA:233,0
DA:236,0
DA:239,0
DA:242,0
DA:244,0
LH:0
LF:82
end_of_record
SF:D:\Github\ecommerce-microservices-sample\src\BuildingBlocks\BuildingBlocks.Core\Extensions\ServiceCollection\ServiceCollectionExtensions.Options.cs
FN:12,AddConfigurationOptions(Microsoft.Extensions.DependencyInjection.IServiceCollection)
FN:19,AddConfigurationOptions(Microsoft.Extensions.DependencyInjection.IServiceCollection,System.String)
FN:29,AddValidatedOptions(Microsoft.Extensions.DependencyInjection.IServiceCollection)
FN:36,AddValidatedOptions(Microsoft.Extensions.DependencyInjection.IServiceCollection,System.String)
FN:43,AddValidatedOptions(Microsoft.Extensions.DependencyInjection.IServiceCollection,System.String,System.Func`2<T,System.Boolean>)
FNDA:0,AddConfigurationOptions(Microsoft.Extensions.DependencyInjection.IServiceCollection)
FNDA:0,AddConfigurationOptions(Microsoft.Extensions.DependencyInjection.IServiceCollection,System.String)
FNDA:0,AddValidatedOptions(Microsoft.Extensions.DependencyInjection.IServiceCollection)
FNDA:0,AddValidatedOptions(Microsoft.Extensions.DependencyInjection.IServiceCollection,System.String)
FNDA:0,AddValidatedOptions(Microsoft.Extensions.DependencyInjection.IServiceCollection,System.String,System.Func`2<T,System.Boolean>)
FNF:5
FNH:0
BRDA:23,23,450,-
BRDA:23,23,451,-
BRDA:30,30,452,-
BRDA:30,30,453,-
BRDA:37,37,454,-
BRDA:37,37,455,-
BRDA:55,55,456,-
BRDA:55,55,457,-
BRF:8
BRH:0
DA:12,0
DA:13,0
DA:14,0
DA:19,0
DA:20,0
DA:21,0
DA:23,0
DA:24,0
DA:29,0
DA:30,0
DA:31,0
DA:36,0
DA:37,0
DA:38,0
DA:43,0
DA:50,0
DA:51,0
DA:52,0
DA:55,0
DA:56,0
LH:0
LF:20
end_of_record
SF:D:\Github\ecommerce-microservices-sample\src\BuildingBlocks\BuildingBlocks.Core\Extensions\ServiceTypeSelectorExtensions.cs
FN:8,AsClosedTypeOf(Scrutor.IServiceTypeSelector,System.Type)
FNDA:0,AsClosedTypeOf(Scrutor.IServiceTypeSelector,System.Type)
FNF:1
FNH:0
BRDA:12,12,458,-
BRDA:12,12,459,-
BRDA:13,13,460,-
BRDA:13,13,461,-
BRDA:15,15,462,-
BRDA:15,15,463,-
BRF:6
BRH:0
DA:8,0
DA:10,0
DA:11,0
DA:12,0
DA:13,0
DA:14,0
DA:15,0
DA:16,0
DA:17,0
DA:18,0
DA:19,0
DA:20,0
DA:21,0
DA:22,0
DA:23,0
DA:24,0
[...]
DA:118,0
DA:119,0
DA:120,0
DA:123,0
DA:125,0
DA:126,0
DA:127,0
DA:128,0
DA:130,0
DA:131,0
DA:132,0
DA:133,0
DA:136,0
DA:137,0
DA:139,0
DA:140,0
DA:141,0
DA:142,0
DA:143,0
DA:144,0
DA:145,0
DA:147,0
DA:148,0
DA:149,0
DA:151,0
DA:152,0
DA:155,0
DA:156,0
DA:157,0
DA:160,0
DA:161,0
DA:162,0
DA:164,0
DA:165,0
DA:166,0
DA:172,0
DA:173,0
DA:174,0
DA:175,0
DA:178,0
DA:179,0
DA:180,0
DA:181,0
DA:185,0
DA:186,0
DA:187,0
DA:188,0
DA:191,0
DA:192,0
DA:193,0
DA:194,0
DA:197,0
DA:200,0
DA:201,0
DA:204,0
DA:205,0
DA:206,0
DA:207,0
DA:209,0
DA:210,0
DA:212,0
DA:213,0
DA:214,0
DA:217,0
DA:218,0
DA:219,0
DA:220,0
DA:223,0
DA:224,0
DA:226,0
DA:228,0
DA:229,0
DA:234,0
DA:235,0
DA:236,0
DA:237,0
DA:238,0
DA:239,0
DA:240,0
DA:241,0
DA:247,0
DA:248,0
DA:249,0
DA:250,0
DA:251,0
DA:252,0
DA:253,0
DA:254,0
DA:258,0
DA:259,0
DA:260,0
DA:261,0
DA:262,0
DA:263,0
DA:264,0
DA:265,0
DA:270,0
DA:271,0
DA:272,0
DA:273,0
DA:274,0
DA:275,0
DA:276,0
DA:277,0
DA:285,0
DA:286,0
DA:287,0
DA:288,0
DA:289,0
DA:290,0
DA:291,0
DA:292,0
DA:296,0
DA:297,0
DA:299,0
DA:300,0
DA:301,0
DA:302,0
DA:303,0
DA:304,0
DA:305,0
DA:306,0
DA:309,0
DA:310,0
DA:311,0
DA:312,0
DA:313,0
DA:317,0
DA:318,0
DA:319,0
DA:320,0
DA:321,0
DA:322,0
DA:323,0
DA:324,0
DA:325,0
DA:326,0
DA:327,0
DA:331,0
DA:332,0
DA:333,0
DA:334,0
DA:335,0
DA:336,0
DA:337,0
DA:338,0
DA:339,0
DA:340,0
DA:341,0
DA:346,0
DA:347,0
DA:348,0
DA:349,0
DA:350,0
DA:351,0
DA:352,0
DA:353,0
DA:354,0
DA:355,0
DA:356,0
DA:357,0
DA:397,0
DA:398,0
DA:399,0
DA:400,0
DA:401,0
DA:402,0
DA:403,0
DA:404,0
DA:405,0
DA:406,0
DA:407,0
DA:408,0
DA:409,0
DA:410,0
DA:411,0
DA:412,0
DA:413,0
DA:414,0
DA:415,0
DA:416,0
DA:417,0
DA:418,0
DA:423,0
DA:424,0
DA:425,0
DA:426,0
DA:427,0
DA:428,0
DA:429,0
DA:430,0
DA:431,0
DA:432,0
DA:433,0
DA:434,0
DA:435,0
DA:436,0
DA:437,0
DA:438,0
DA:439,0
DA:440,0
DA:443,0
DA:444,0
DA:447,0
DA:449,0
DA:451,0
DA:452,0
DA:455,0
DA:456,0
DA:459,0
DA:461,0
DA:463,0
DA:464,0
DA:467,0
DA:468,0
DA:469,0
DA:470,0
DA:471,0
DA:472,0
DA:473,0
DA:474,0
DA:476,0
DA:477,0
DA:480,0
DA:481,0
DA:482,0
DA:483,0
DA:484,0
DA:485,0
DA:486,0
DA:487,0
DA:489,0
DA:490,0
LH:0
LF:292
end_of_record
SF:D:\Github\ecommerce-microservices-sample\tests\shared\Tests.Shared\Fixtures\SharedFixtureWithEfCore.cs
FN:124,ExecuteEfDbContextAsync(System.Func`2<TEfCoreDbContext,System.Threading.Tasks.Task>)
FN:127,ExecuteEfDbContextAsync(System.Func`3<TEfCoreDbContext,MediatR.IMediator,System.Threading.Tasks.Task>)
FN:131,ExecuteEfDbContextAsync(System.Func`2<TEfCoreDbContext,System.Threading.Tasks.Task`1<T>>)
FN:134,ExecuteEfDbContextAsync(System.Func`3<TEfCoreDbContext,MediatR.IMediator,System.Threading.Tasks.Task`1<T>>)
FN:138,ExecuteEfDbContextAsync(System.Func`3<TEfCoreDbContext,BuildingBlocks.Abstractions.CQRS.Commands.ICommandProcessor,System.Threading.Tasks.Task>)
FN:142,ExecuteEfDbContextAsync(System.Func`3<TEfCoreDbContext,BuildingBlocks.Abstractions.CQRS.Commands.ICommandProcessor,System.Threading.Tasks.Task`1<T>>)
FN:146,ExecuteEfDbContextAsync(System.Func`3<TEfCoreDbContext,BuildingBlocks.Abstractions.CQRS.Queries.IQueryProcessor,System.Threading.Tasks.Task`1<T>>)
FN:225,FindEfDbContextAsync(System.Object)
FN:19,<ExecuteTxContextAsync()
FN:152,<InsertEfDbContextAsync()
FN:42,<ExecuteAndResetStateContextAsync()
FN:66,<ExecuteTxContextAsync()
FN:92,<ExecuteAndResetStateContextAsync()
FN:37,ExecuteAndResetStateContextAsync()
FN:86,ExecuteAndResetStateContextAsync()
FN:112,ExecuteEfDbContextAsync()
FN:118,ExecuteEfDbContextAsync()
FN:14,ExecuteTxContextAsync()
FN:60,ExecuteTxContextAsync()
FN:150,InsertEfDbContextAsync()
FN:163,InsertEfDbContextAsync()
FN:175,InsertEfDbContextAsync()
FN:192,InsertEfDbContextAsync()
FN:212,InsertEfDbContextAsync()
FNDA:0,ExecuteEfDbContextAsync(System.Func`2<TEfCoreDbContext,System.Threading.Tasks.Task>)
FNDA:0,ExecuteEfDbContextAsync(System.Func`3<TEfCoreDbContext,MediatR.IMediator,System.Threading.Tasks.Task>)
FNDA:0,ExecuteEfDbContextAsync(System.Func`2<TEfCoreDbContext,System.Threading.Tasks.Task`1<T>>)
FNDA:0,ExecuteEfDbContextAsync(System.Func`3<TEfCoreDbContext,MediatR.IMediator,System.Threading.Tasks.Task`1<T>>)
FNDA:0,ExecuteEfDbContextAsync(System.Func`3<TEfCoreDbContext,BuildingBlocks.Abstractions.CQRS.Commands.ICommandProcessor,System.Threading.Tasks.Task>)
FNDA:0,ExecuteEfDbContextAsync(System.Func`3<TEfCoreDbContext,BuildingBlocks.Abstractions.CQRS.Commands.ICommandProcessor,System.Threading.Tasks.Task`1<T>>)
FNDA:0,ExecuteEfDbContextAsync(System.Func`3<TEfCoreDbContext,BuildingBlocks.Abstractions.CQRS.Queries.IQueryProcessor,System.Threading.Tasks.Task`1<T>>)
FNDA:0,FindEfDbContextAsync(System.Object)
FNDA:0,<ExecuteTxContextAsync()
FNDA:0,<InsertEfDbContextAsync()
FNDA:0,<ExecuteAndResetStateContextAsync()
FNDA:0,<ExecuteTxContextAsync()
FNDA:0,<ExecuteAndResetStateContextAsync()
FNDA:0,ExecuteAndResetStateContextAsync()
FNDA:0,ExecuteAndResetStateContextAsync()
FNDA:0,ExecuteEfDbContextAsync()
FNDA:0,ExecuteEfDbContextAsync()
FNDA:0,ExecuteTxContextAsync()
FNDA:0,ExecuteTxContextAsync()
FNDA:0,InsertEfDbContextAsync()
FNDA:0,InsertEfDbContextAsync()
FNDA:0,InsertEfDbContextAsync()
FNDA:0,InsertEfDbContextAsync()
FNDA:0,InsertEfDbContextAsync()
FNF:24
FNH:0
BRDA:30,30,2281,-
BRDA:30,30,2282,-
BRDA:153,153,2283,-
BRDA:153,153,2284,-
BRDA:53,53,2285,-
BRDA:53,53,2286,-
BRDA:79,79,2287,-
BRDA:79,79,2288,-
BRDA:105,105,2289,-
BRDA:105,105,2290,-
BRDA:41,41,2291,-
BRDA:41,41,2292,-
BRDA:91,91,2293,-
BRDA:91,91,2294,-
BRDA:18,18,2295,-
BRDA:18,18,2296,-
BRDA:65,65,2297,-
BRDA:65,65,2298,-
BRF:18
BRH:0
DA:14,0
DA:15,0
DA:16,0
DA:17,0
DA:18,0
DA:19,0
DA:20,0
DA:21,0
DA:22,0
DA:23,0
DA:24,0
DA:25,0
DA:26,0
DA:27,0
DA:28,0
DA:29,0
DA:30,0
DA:31,0
DA:32,0
DA:33,0
DA:34,0
DA:37,0
DA:38,0
DA:39,0
DA:40,0
DA:41,0
DA:42,0
DA:43,0
DA:44,0
DA:45,0
DA:46,0
DA:47,0
DA:48,0
DA:49,0
DA:50,0
DA:51,0
DA:52,0
DA:53,0
DA:54,0
DA:55,0
DA:56,0
DA:57,0
DA:60,0
DA:61,0
DA:63,0
DA:64,0
DA:65,0
DA:66,0
DA:67,0
DA:68,0
DA:69,0
DA:70,0
DA:71,0
DA:72,0
DA:73,0
DA:74,0
DA:75,0
DA:76,0
DA:77,0
DA:78,0
DA:79,0
DA:80,0
DA:81,0
DA:82,0
DA:83,0
DA:86,0
DA:87,0
DA:89,0
DA:90,0
DA:91,0
DA:92,0
DA:93,0
DA:94,0
DA:95,0
DA:96,0
DA:97,0
DA:98,0
DA:99,0
DA:100,0
DA:101,0
DA:102,0
DA:103,0
DA:104,0
DA:105,0
DA:106,0
DA:107,0
DA:108,0
DA:109,0
DA:112,0
DA:113,0
DA:114,0
DA:115,0
DA:118,0
DA:119,0
DA:120,0
DA:121,0
DA:124,0
DA:127,0
DA:128,0
DA:131,0
DA:134,0
DA:135,0
DA:138,0
DA:139,0
DA:142,0
DA:143,0
DA:146,0
DA:147,0
DA:150,0
DA:151,0
DA:152,0
DA:153,0
DA:154,0
DA:155,0
DA:156,0
DA:157,0
DA:158,0
DA:159,0
DA:160,0
DA:163,0
DA:164,0
DA:165,0
DA:166,0
DA:167,0
DA:168,0
DA:169,0
DA:170,0
DA:175,0
DA:176,0
DA:177,0
DA:178,0
DA:179,0
DA:180,0
DA:181,0
DA:182,0
DA:183,0
DA:192,0
DA:193,0
DA:194,0
DA:195,0
DA:196,0
DA:197,0
DA:198,0
DA:199,0
DA:200,0
DA:201,0
DA:212,0
DA:213,0
DA:214,0
DA:215,0
DA:216,0
DA:217,0
DA:218,0
DA:219,0
DA:220,0
DA:221,0
DA:222,0
DA:225,0
DA:226,0
DA:227,0
LH:0
LF:160
end_of_record
SF:D:\Github\ecommerce-microservices-sample\tests\shared\Tests.Shared\Fixtures\SharedFixtureWithEfCoreAndMongo.cs
FN:29,ExecuteMongoDbContextAsync(System.Func`2<TMongoDbContext,System.Threading.Tasks.Task>)
FN:32,ExecuteMongoDbContextAsync(System.Func`3<TMongoDbContext,BuildingBlocks.Abstractions.CQRS.Commands.ICommandProcessor,System.Threading.Tasks.Task>)
FN:36,ExecuteMongoDbContextAsync(System.Func`3<TMongoDbContext,BuildingBlocks.Abstractions.CQRS.Commands.ICommandProcessor,System.Threading.Tasks.Task`1<T>>)
FN:40,ExecuteMongoDbContextAsync(System.Func`3<TMongoDbContext,BuildingBlocks.Abstractions.CQRS.Queries.IQueryProcessor,System.Threading.Tasks.Task`1<T>>)
FN:44,ExecuteMongoDbContextAsync(System.Func`2<TMongoDbContext,System.Threading.Tasks.Task`1<T>>)
FN:49,<InsertMongoDbContextAsync()
FN:17,ExecuteMongoDbContextAsync()
FN:23,ExecuteMongoDbContextAsync()
FN:47,InsertMongoDbContextAsync()
FNDA:0,ExecuteMongoDbContextAsync(System.Func`2<TMongoDbContext,System.Threading.Tasks.Task>)
FNDA:0,ExecuteMongoDbContextAsync(System.Func`3<TMongoDbContext,BuildingBlocks.Abstractions.CQRS.Commands.ICommandProcessor,System.Threading.Tasks.Task>)
FNDA:0,ExecuteMongoDbContextAsync(System.Func`3<TMongoDbContext,BuildingBlocks.Abstractions.CQRS.Commands.ICommandProcessor,System.Threading.Tasks.Task`1<T>>)
FNDA:0,ExecuteMongoDbContextAsync(System.Func`3<TMongoDbContext,BuildingBlocks.Abstractions.CQRS.Queries.IQueryProcessor,System.Threading.Tasks.Task`1<T>>)
FNDA:0,ExecuteMongoDbContextAsync(System.Func`2<TMongoDbContext,System.Threading.Tasks.Task`1<T>>)
FNDA:0,<InsertMongoDbContextAsync()
FNDA:0,ExecuteMongoDbContextAsync()
FNDA:0,ExecuteMongoDbContextAsync()
FNDA:0,InsertMongoDbContextAsync()
FNF:9
FNH:0
BRF:0
BRH:0
DA:17,0
DA:18,0
DA:19,0
DA:20,0
DA:23,0
DA:24,0
DA:25,0
DA:26,0
DA:29,0
DA:32,0
DA:33,0
DA:36,0
DA:37,0
DA:40,0
DA:41,0
DA:44,0
DA:47,0
DA:48,0
DA:49,0
DA:50,0
DA:51,0
DA:52,0
LH:0
LF:22
end_of_record
SF:D:\Github\ecommerce-microservices-sample\tests\shared\Tests.Shared\Fixtures\Tests\EfDbContextTransactionFixture.cs
FN:9,.ctor()
FN:37,DisposeAsync()
FN:31,InitializeAsync()
FN:13,init_container()
FN:21,reset_database()
FNDA:0,.ctor()
FNDA:0,DisposeAsync()
FNDA:0,InitializeAsync()
FNDA:0,init_container()
FNDA:0,reset_database()
FNF:5
FNH:0
BRF:0
BRH:0
DA:9,0
DA:13,0
DA:14,0
DA:15,0
DA:16,0
DA:17,0
DA:21,0
DA:22,0
DA:23,0
DA:25,0
DA:26,0
DA:27,0
DA:28,0
DA:31,0
DA:32,0
DA:33,0
DA:34,0
DA:37,0
DA:38,0
DA:39,0
LH:0
LF:20
end_of_record
SF:D:\Github\ecommerce-microservices-sample\tests\shared\Tests.Shared\Fixtures\Tests\Mongo2GoFixtureTests.cs
FN:8,.ctor()
FN:31,DisposeAsync()
FN:25,InitializeAsync()
FN:12,init_fixture()
FN:19,reset_database()
FNDA:0,.ctor()
FNDA:0,DisposeAsync()
FNDA:0,InitializeAsync()
FNDA:0,init_fixture()
FNDA:0,reset_database()
FNF:5
FNH:0
BRF:0
BRH:0
DA:8,0
DA:12,0
DA:13,0
DA:14,0
DA:15,0
DA:19,0
DA:20,0
DA:21,0
DA:22,0
DA:25,0
DA:26,0
DA:27,0
DA:28,0
DA:31,0
DA:32,0
DA:33,0
LH:0
LF:16
end_of_record
SF:D:\Github\ecommerce-microservices-sample\tests\shared\Tests.Shared\Fixtures\Tests\MongoContainerFixtureTests.cs
FN:9,.ctor()
FN:48,get_Name()
FN:42,DisposeAsync()
FN:36,InitializeAsync()
FN:13,init_container()
FN:20,reset_database()
FNDA:0,.ctor()
FNDA:0,get_Name()
FNDA:0,DisposeAsync()
FNDA:0,InitializeAsync()
FNDA:0,init_container()
FNDA:0,reset_database()
FNF:6
FNH:0
BRF:0
BRH:0
DA:9,0
DA:13,0
DA:14,0
DA:15,0
DA:16,0
DA:20,0
DA:21,0
DA:22,0
DA:23,0
DA:24,0
DA:25,0
DA:27,0
DA:29,0
DA:30,0
DA:32,0
DA:33,0
DA:36,0
DA:37,0
DA:38,0
DA:39,0
DA:42,0
DA:43,0
DA:44,0
DA:48,0
LH:0
LF:24
end_of_record
SF:D:\Github\ecommerce-microservices-sample\tests\shared\Tests.Shared\Fixtures\Tests\PostgresContainerFixtureTests.cs
FN:7,.ctor()
FN:29,DisposeAsync()
FN:23,InitializeAsync()
FN:11,init_container()
FN:18,reset_database()
FNDA:0,.ctor()
FNDA:0,DisposeAsync()
FNDA:0,InitializeAsync()
FNDA:0,init_container()
FNDA:0,reset_database()
FNF:5
FNH:0
BRF:0
BRH:0
DA:7,0
DA:11,0
DA:12,0
DA:13,0
DA:14,0
DA:18,0
DA:19,0
DA:20,0
DA:23,0
DA:24,0
DA:25,0
DA:26,0
DA:29,0
DA:30,0
DA:31,0
LH:0
LF:15
end_of_record
SF:D:\Github\ecommerce-microservices-sample\tests\shared\Tests.Shared\Fixtures\Tests\RabbitMQContainerFixtureTests.cs
FN:7,.ctor()
FN:29,DisposeAsync()
FN:23,InitializeAsync()
FN:18,cleanup_messaging()
FN:11,init_container()
FNDA:0,.ctor()
FNDA:0,DisposeAsync()
FNDA:0,InitializeAsync()
FNDA:0,cleanup_messaging()
FNDA:0,init_container()
FNF:5
FNH:0
BRF:0
BRH:0
DA:7,0
DA:11,0
DA:12,0
DA:13,0
DA:14,0
DA:18,0
DA:19,0
DA:20,0
DA:23,0
DA:24,0
DA:25,0
DA:26,0
DA:29,0
DA:30,0
DA:31,0
LH:0
LF:15
end_of_record
SF:D:\Github\ecommerce-microservices-sample\tests\shared\Tests.Shared\Helpers\ConfigurationHelper.cs
FN:16,BindOptions()
FN:25,BuildConfiguration()
FN:11,.cctor()
FNDA:0,BindOptions()
FNDA:0,BuildConfiguration()
FNDA:0,.cctor()
FNF:3
FNH:0
BRF:0
BRH:0
DA:11,0
DA:12,0
DA:13,0
DA:16,0
DA:17,0
DA:18,0
DA:25,0
DA:26,0
DA:28,0
DA:29,0
DA:30,0
DA:31,0
DA:32,0
DA:33,0
DA:34,0
LH:0
LF:15
end_of_record
SF:D:\Github\ecommerce-microservices-sample\tests\shared\Tests.Shared\Helpers\DelegateHttpClientFactory.cs
FN:13,CreateClient(System.String)
FN:7,.ctor(System.Func`2<System.String,System.Lazy`1<System.Net.Http.HttpClient>>)
FNDA:0,CreateClient(System.String)
FNDA:0,.ctor(System.Func`2<System.String,System.Lazy`1<System.Net.Http.HttpClient>>)
FNF:2
FNH:0
BRDA:14,14,2299,-
BRDA:14,14,2300,-
BRDA:14,14,2301,-
BRDA:14,14,2302,-
BRDA:14,14,2303,-
BRDA:14,14,2304,-
BRF:6
BRH:0
DA:7,0
DA:8,0
DA:9,0
DA:10,0
DA:13,0
DA:14,0
DA:15,0
DA:17,0
DA:18,0
LH:0
LF:9
end_of_record
SF:D:\Github\ecommerce-microservices-sample\tests\shared\Tests.Shared\Helpers\HandlerFactory.cs
FN:13,AsMessageHandler(Hypothesist.IHypothesis`1<T>)
FN:18,AsConsumer(Hypothesist.IHypothesis`1<T>)
FN:26,AsConsumer(Hypothesist.IHypothesis`1<TMessage>,System.IServiceProvider)
FN:33,AsMessageHandlerDelegate(Hypothesist.IHypothesis`1<T>)
FN:41,AsMessageHandler(Hypothesist.IHypothesis`1<TMessage>,System.IServiceProvider)
FNDA:0,AsMessageHandler(Hypothesist.IHypothesis`1<T>)
FNDA:0,AsConsumer(Hypothesist.IHypothesis`1<T>)
FNDA:0,AsConsumer(Hypothesist.IHypothesis`1<TMessage>,System.IServiceProvider)
FNDA:0,AsMessageHandlerDelegate(Hypothesist.IHypothesis`1<T>)
FNDA:0,AsMessageHandler(Hypothesist.IHypothesis`1<TMessage>,System.IServiceProvider)
FNF:5
FNH:0
BRF:0
BRH:0
DA:13,0
DA:14,0
DA:15,0
DA:18,0
DA:19,0
DA:20,0
DA:26,0
DA:27,0
DA:28,0
DA:33,0
DA:34,0
DA:35,0
DA:41,0
DA:42,0
DA:43,0
LH:0
LF:15
end_of_record
SF:D:\Github\ecommerce-microservices-sample\tests\shared\Tests.Shared\Helpers\HandlerFactory.cs
FN:99,.ctor(Hypothesist.IHypothesis`1<T>,System.IServiceProvider,System.Type)
FN:107,Consume()
FNDA:0,.ctor(Hypothesist.IHypothesis`1<T>,System.IServiceProvider,System.Type)
FNDA:0,Consume()
FNF:2
FNH:0
BRDA:110,110,2305,-
BRDA:110,110,2306,-
BRF:2
BRH:0
DA:99,0
DA:100,0
DA:101,0
DA:102,0
DA:103,0
DA:104,0
DA:107,0
DA:108,0
DA:109,0
DA:110,0
DA:111,0
DA:112,0
DA:113,0
DA:116,0
DA:117,0
DA:118,0
LH:0
LF:16
end_of_record
SF:D:\Github\ecommerce-microservices-sample\tests\shared\Tests.Shared\Helpers\HandlerFactory.cs
FN:132,Consume(MassTransit.ConsumeContext`1<TMessage>)
FN:126,.ctor(Hypothesist.IHypothesis`1<TMessage>)
FNDA:0,Consume(MassTransit.ConsumeContext`1<TMessage>)
FNDA:0,.ctor(Hypothesist.IHypothesis`1<TMessage>)
FNF:2
FNH:0
BRF:0
BRH:0
DA:126,0
DA:127,0
DA:128,0
DA:129,0
DA:132,0
DA:133,0
DA:134,0
LH:0
LF:7
end_of_record
SF:D:\Github\ecommerce-microservices-sample\tests\shared\Tests.Shared\Helpers\HandlerFactory.cs
FN:53,.ctor(Hypothesist.IHypothesis`1<T>,System.IServiceProvider,System.Type)
FN:61,HandleAsync()
FNDA:0,.ctor(Hypothesist.IHypothesis`1<T>,System.IServiceProvider,System.Type)
FNDA:0,HandleAsync()
FNF:2
FNH:0
BRDA:64,64,2307,-
BRDA:64,64,2308,-
BRF:2
BRH:0
DA:53,0
DA:54,0
DA:55,0
DA:56,0
DA:57,0
DA:58,0
DA:61,0
DA:62,0
DA:63,0
DA:64,0
DA:65,0
DA:66,0
DA:67,0
DA:70,0
DA:71,0
DA:72,0
LH:0
LF:16
end_of_record
SF:D:\Github\ecommerce-microservices-sample\tests\shared\Tests.Shared\Helpers\HandlerFactory.cs
FN:86,HandleAsync(BuildingBlocks.Abstractions.Messaging.Context.IConsumeContext`1<T>,System.Threading.CancellationToken)
FN:80,.ctor(Hypothesist.IHypothesis`1<T>)
FNDA:0,HandleAsync(BuildingBlocks.Abstractions.Messaging.Context.IConsumeContext`1<T>,System.Threading.CancellationToken)
FNDA:0,.ctor(Hypothesist.IHypothesis`1<T>)
FNF:2
FNH:0
BRF:0
BRH:0
DA:80,0
DA:81,0
DA:82,0
DA:83,0
DA:86,0
DA:87,0
DA:88,0
LH:0
LF:7
end_of_record
SF:D:\Github\ecommerce-microservices-sample\tests\shared\Tests.Shared\TestBase\IntegrationTestBase.cs
FN:17,get_CancellationToken()
FN:18,get_CancellationTokenSource()
FN:19,get_Timeout()
FN:20,get_Scope()
FN:21,get_SharedFixture()
FN:60,RegisterTestConfigureServices(Microsoft.Extensions.DependencyInjection.IServiceCollection)
FN:67,RegisterTestAppConfigurations(Microsoft.Extensions.Configuration.IConfigurationBuilder,Microsoft.Extensions.Configuration.IConfiguration,Microsoft.Extensions.Hosting.IHostEnvironment)
FN:22,.ctor(Tests.Shared.Fixtures.SharedFixture`1<TEntryPoint>,Xunit.Abstractions.ITestOutputHelper)
FN:49,DisposeAsync()
FN:45,InitializeAsync()
FNDA:0,get_CancellationToken()
FNDA:0,get_CancellationTokenSource()
FNDA:0,get_Timeout()
FNDA:0,get_Scope()
FNDA:0,get_SharedFixture()
FNDA:0,RegisterTestConfigureServices(Microsoft.Extensions.DependencyInjection.IServiceCollection)
FNDA:0,RegisterTestAppConfigurations(Microsoft.Extensions.Configuration.IConfigurationBuilder,Microsoft.Extensions.Configuration.IConfiguration,Microsoft.Extensions.Hosting.IHostEnvironment)
FNDA:0,.ctor(Tests.Shared.Fixtures.SharedFixture`1<TEntryPoint>,Xunit.Abstractions.ITestOutputHelper)
FNDA:0,DisposeAsync()
FNDA:0,InitializeAsync()
FNF:10
FNH:0
BRF:0
BRH:0
DA:17,0
DA:18,0
DA:19,0
DA:20,0
DA:21,0
DA:22,0
DA:23,0
DA:24,0
DA:25,0
DA:26,0
DA:27,0
DA:29,0
DA:30,0
DA:32,0
DA:33,0
DA:34,0
DA:35,0
DA:37,0
DA:40,0
DA:41,0
DA:45,0
DA:46,0
DA:49,0
DA:51,0
DA:52,0
DA:54,0
DA:56,0
DA:57,0
DA:60,0
DA:61,0
DA:67,0
DA:68,0
LH:0
LF:32
end_of_record
SF:D:\Github\ecommerce-microservices-sample\tests\shared\Tests.Shared\TestBase\IntegrationTestBase.cs
FN:82,get_SharedFixture()
FN:77,.ctor(Tests.Shared.Fixtures.SharedFixtureWithEfCore`2<TEntryPoint,TContext>,Xunit.Abstractions.ITestOutputHelper)
FNDA:0,get_SharedFixture()
FNDA:0,.ctor(Tests.Shared.Fixtures.SharedFixtureWithEfCore`2<TEntryPoint,TContext>,Xunit.Abstractions.ITestOutputHelper)
FNF:2
FNH:0
BRF:0
BRH:0
DA:77,0
DA:78,0
DA:79,0
DA:80,0
DA:82,0
LH:0
LF:5
end_of_record
SF:D:\Github\ecommerce-microservices-sample\tests\shared\Tests.Shared\TestBase\IntegrationTestBase.cs
FN:98,get_SharedFixture()
FN:93,.ctor(Tests.Shared.Fixtures.SharedFixtureWithEfCoreAndMongo`3<TEntryPoint,TWContext,TRContext>,Xunit.Abstractions.ITestOutputHelper)
FNDA:0,get_SharedFixture()
FNDA:0,.ctor(Tests.Shared.Fixtures.SharedFixtureWithEfCoreAndMongo`3<TEntryPoint,TWContext,TRContext>,Xunit.Abstractions.ITestOutputHelper)
FNF:2
FNH:0
BRF:0
BRH:0
DA:93,0
DA:94,0
DA:95,0
DA:96,0
DA:98,0
LH:0
LF:5
end_of_record
SF:D:\Github\ecommerce-microservices-sample\tests\shared\Tests.Shared\XunitCategories\BugTraitAttribute.cs
FN:18,get_Id()
FN:13,.ctor(System.Int32)
FNDA:0,get_Id()
FNDA:0,.ctor(System.Int32)
FNF:2
FNH:0
BRF:0
BRH:0
DA:13,0
DA:14,0
DA:15,0
DA:16,0
DA:18,0
LH:0
LF:5
end_of_record
SF:D:\Github\ecommerce-microservices-sample\tests\shared\Tests.Shared\XunitCategories\BugTraitAttribute.cs
FN:28,GetTraits()
FNDA:0,GetTraits()
FNF:1
FNH:0
BRDA:33,33,2309,-
BRDA:33,33,2310,-
BRF:2
BRH:0
DA:28,0
DA:29,0
DA:31,0
DA:33,0
DA:34,0
DA:35,0
LH:0
LF:6
end_of_record
SF:D:\Github\ecommerce-microservices-sample\tests\shared\Tests.Shared\XunitCategories\CategoryTraitAttribute.cs
FN:21,get_Name()
FN:16,.ctor(Tests.Shared.XunitCategories.TestCategory)
FNDA:2,get_Name()
FNDA:2,.ctor(Tests.Shared.XunitCategories.TestCategory)
FNF:2
FNH:2
BRF:0
BRH:0
DA:16,2
DA:17,2
DA:18,2
DA:19,2
DA:21,2
LH:5
LF:5
end_of_record
SF:D:\Github\ecommerce-microservices-sample\tests\shared\Tests.Shared\XunitCategories\CategoryTraitAttribute.cs
FN:32,GetTraits()
FNDA:2,GetTraits()
FNF:1
FNH:1
BRDA:35,35,2311,2
BRDA:35,35,2312,2
BRF:2
BRH:2
DA:32,2
DA:33,2
DA:35,2
DA:36,2
DA:37,2
LH:5
LF:5
end_of_record
SF:D:\Github\ecommerce-microservices-sample\tests\shared\Tests.Shared\XunitCategories\FeatureTraitAttribute.cs
FN:17,get_Id()
FN:12,.ctor(System.Int32)
FNDA:0,get_Id()
FNDA:0,.ctor(System.Int32)
FNF:2
FNH:0
BRF:0
BRH:0
DA:12,0
DA:13,0
DA:14,0
DA:15,0
DA:17,0
LH:0
LF:5
end_of_record
SF:D:\Github\ecommerce-microservices-sample\tests\shared\Tests.Shared\XunitCategories\FeatureTraitAttribute.cs
FN:27,GetTraits()
FNDA:0,GetTraits()
FNF:1
FNH:0
BRDA:32,32,2313,-
BRDA:32,32,2314,-
BRF:2
BRH:0
DA:27,0
DA:28,0
DA:30,0
DA:32,0
DA:33,0
DA:34,0
LH:0
LF:6
end_of_record
SF:D:\Github\ecommerce-microservices-sample\tests\shared\Tests.Shared\XunitCategories\Tests.cs
FN:10,category_trait_test()
FN:16,feature_trait_test()
FN:22,bug_trait_test()
FNDA:0,category_trait_test()
FNDA:0,feature_trait_test()
FNDA:0,bug_trait_test()
FNF:3
FNH:0
BRF:0
BRH:0
DA:10,0
DA:11,0
DA:16,0
DA:17,0
DA:22,0
DA:23,0
LH:0
LF:6
end_of_record
